


1Sierra Nevada (Ephemeral Spr.)                                                  





                              ----------------
                              INITIAL SOLUTION
                              ----------------



          TEMPERATURE =  25.00 DEGREES C    PH =  6.200
          ANALYTICAL EPMCAT =    0.377    ANALYTICAL EPMAN =    0.362


     ***** OXIDATION - REDUCTION *****


 DISSOLVED OXYGEN =  0.000 MMOLES/KG H2O
 EH MEASURED WITH CALOMEL =  9.9000 VOLTS         FLAG CORALK PECALC IDAVES
 MEASURED EH OF ZOBELL SOLUTION =  9.9000 VOLTS     0    0      1      0
 CORRECTED EH =  0.0000 VOLTS
 PE COMPUTED FROM CORRECTED EH =   0.000




               *** TOTAL CONCENTRATIONS OF INPUT SPECIES ***

                         TOTAL             LOG TOTAL            TOTAL
        SPECIES        MOLALITY            MOLALITY           MG/LITRE
        -------        --------            --------           --------

        Ca+2      2.0  7.80036E-05           -4.1079         3.12624E+00
        Mg+2      2.0  2.90013E-05           -4.5376         7.05048E-01
        Na+       1.0  1.34006E-04           -3.8729         3.08063E+00
        K+        1.0  2.80013E-05           -4.5528         1.09486E+00
        H4SiO4    0.0  2.73013E-04           -3.5638         1.64032E+01
        Cl-      -1.0  1.40006E-05           -4.8539         4.96342E-01
        HCO3-    -1.0  3.28015E-04           -3.4841         2.00137E+01
        SO4-2    -2.0  1.00005E-05           -5.0000         9.60616E-01







 Sierra Nevada (Ephemeral Spr.)                                                  








                      ****DESCRIPTION OF SOLUTION ****

          ANALYT.   COMP.         PH           ACTIVITY H2O =  1.0000
 EPMCAT     0.38      0.38       6.200         PCO2=  1.333507E-02
 EPMAN      0.36      0.36                     LOG PCO2 =  -1.8750
                              TEMPERATURE      PO2 =  4.786073E-59
 EH = 0.0000  PE =   0.000     25.00 DEG C     PCH4 =  2.793913E-29
 PE CALC S =    0.000                          CO2 TOT =  7.824995E-04
 PE CALC DOX=  0.000         IONIC STRENGTH    DENSITY =   1.0000
 PE SATO DOX=  0.000          4.851417E-04     TDS =      45.9MG/L
 TOT ALK =  3.280E-01 MEQ                      CARB ALK =  3.286E-01 MEQ
 ELECT   =  1.400E-02 MEQ                      CHARGE IMBALANCE =    1.9%

 IN COMPUTING THE DISTRIBUTION OF SPECIES,
 PE =   0.000     EQUIVALENT EH =  0.000VOLTS





                         -----------------------
                         DISTRIBUTION OF SPECIES
                         -----------------------

  I  SPECIES         MOLALITY   ACTIVITY    LOG ACT    GAMMA

   1 H+       1.    6.4649E-07  6.3096E-07  -6.200  9.7597E-01
   2 E-      -1.    1.0000E+00  1.0000E+00   0.000  1.0000E+00
   4 Ca+2     2.    7.7582E-05  7.0211E-05  -4.154  9.0499E-01
   5 Mg+2     2.    2.8846E-05  2.6115E-05  -4.583  9.0534E-01
   6 Na+      1.    1.3398E-04  1.3066E-04  -3.884  9.7522E-01
   7 K+       1.    2.8000E-05  2.7301E-05  -4.564  9.7506E-01
  13 H4SiO4   0.    2.7295E-04  2.7298E-04  -3.564  1.0001E+00
  14 Cl-     -1.    1.4001E-05  1.3652E-05  -4.865  9.7506E-01
  15 CO3-2   -2.    2.6281E-08  2.3786E-08  -7.624  9.0507E-01
  16 SO4-2   -2.    9.8135E-06  8.8790E-06  -5.052  9.0478E-01
  31 OH-     -1.    1.6272E-08  1.5866E-08  -7.800  9.7505E-01
  33 H2 AQ    0.    2.8181E-16  2.8184E-16 -15.550  1.0001E+00
  34 HCO3-   -1.    3.2810E-04  3.2002E-04  -3.495  9.7537E-01
  35 H2CO3    0.    4.5395E-04  4.5400E-04  -3.343  1.0001E+00
  40 HSO4-   -1.    5.5857E-10  5.4468E-10  -9.264  9.7513E-01
  75 CaOH+    1.    1.8938E-11  1.8467E-11 -10.734  9.7513E-01
  76 CaCO3    0.    2.8052E-09  2.8055E-09  -8.552  1.0001E+00
  77 CaHCO3+  1.    2.9391E-07  2.8667E-07  -6.543  9.7537E-01
  78 CaSO4    0.    1.2437E-07  1.2439E-07  -6.905  1.0001E+00
  79 CaHSO4   1.    4.7175E-13  4.6002E-13 -12.337  9.7513E-01
  85 MgOH+    1.    1.5411E-10  1.5027E-10  -9.823  9.7513E-01
  86 MgCO3    0.    5.9270E-10  5.9277E-10  -9.227  1.0001E+00
  87 MgHCO3+  1.    1.0028E-07  9.7790E-08  -7.010  9.7513E-01
  88 MgSO4    0.    5.4352E-08  5.4358E-08  -7.265  1.0001E+00
  93 NaOH     0.    1.3680E-12  1.3681E-12 -11.864  1.0001E+00
  94 NaCO3-  -1.    5.9346E-11  5.7870E-11 -10.238  9.7513E-01
  95 NaHCO3   0.    2.3518E-08  2.3521E-08  -7.629  1.0001E+00
  96 NaSO4-  -1.    5.9625E-09  5.8143E-09  -8.236  9.7513E-01
  99 KOH      0.    1.5001E-13  1.5003E-13 -12.824  1.0001E+00
 100 KSO4-   -1.    1.7467E-09  1.7033E-09  -8.769  9.7513E-01
 164 H3SiO4- -1.    6.5419E-08  6.3793E-08  -7.195  9.7513E-01
 165 H2SiO4-2-2.    7.6062E-15  6.8775E-15 -14.163  9.0419E-01





      PHASE      IAP       KT      LOG IAP  LOG KT    IAP/KT  LOG IAP/KT

   1 Calcite  1.670E-12 3.313E-09  -11.777   -8.480  5.042E-04   -3.297
   2 Aragonit 1.670E-12 4.613E-09  -11.777   -8.336  3.621E-04   -3.441
   3 Dolomite 1.037E-24 8.128E-18  -23.984  -17.090  1.276E-07   -6.894
   8 Gypsum   6.234E-10 2.625E-05   -9.205   -4.581  2.375E-05   -4.624
   9 Anhydrit 6.234E-10 4.357E-05   -9.205   -4.361  1.431E-05   -4.844
  14 SiO2 (a) 2.730E-04 1.942E-03   -3.564   -2.712  1.406E-01   -0.852
  15 Chalcedy 2.730E-04 2.810E-04   -3.564   -3.551  9.716E-01   -0.013
  16 Quartz   2.730E-04 1.046E-04   -3.564   -3.980  2.609E+00    0.417
  26 Talc     1.568E+09 2.506E+21    9.195   21.399  6.255E-13  -12.204
  28 Chrysotl 2.103E+16 1.589E+32   16.323   32.201  1.324E-16  -15.878
  29 Sepiol c 8.753E+04 5.754E+15    4.942   15.760  1.521E-11  -10.818
  30 Sepiol d 8.753E+04 4.571E+18    4.942   18.660  1.915E-14  -13.718
  42 PCO2     4.540E-04 3.405E-02   -3.343   -1.468  1.334E-02   -1.875
  44 H2 gas   2.818E-16 7.079E-04  -15.550   -3.150  3.981E-13  -12.400



1Sierra Nevada (Perennial Spr.)                                                  





                              ----------------
                              INITIAL SOLUTION
                              ----------------



          TEMPERATURE =  25.00 DEGREES C    PH =  6.800
          ANALYTICAL EPMCAT =    0.961    ANALYTICAL EPMAN =    0.975


     ***** OXIDATION - REDUCTION *****


 DISSOLVED OXYGEN =  0.000 MMOLES/KG H2O
 EH MEASURED WITH CALOMEL =  9.9000 VOLTS         FLAG CORALK PECALC IDAVES
 MEASURED EH OF ZOBELL SOLUTION =  9.9000 VOLTS     0    0      1      0
 CORRECTED EH =  0.0000 VOLTS
 PE COMPUTED FROM CORRECTED EH =   0.000




               *** TOTAL CONCENTRATIONS OF INPUT SPECIES ***

                         TOTAL             LOG TOTAL            TOTAL
        SPECIES        MOLALITY            MOLALITY           MG/LITRE
        -------        --------            --------           --------

        Ca+2      2.0  2.60027E-04           -3.5850         1.04208E+01
        Mg+2      2.0  7.10073E-05           -4.1487         1.72615E+00
        Na+       1.0  2.59027E-04           -3.5867         5.95436E+00
        K+        1.0  4.00041E-05           -4.3979         1.56408E+00
        H4SiO4    0.0  4.10042E-04           -3.3872         2.46348E+01
        Cl-      -1.0  3.00031E-05           -4.5228         1.06359E+00
        HCO3-    -1.0  8.95092E-04           -3.0481         5.46105E+01
        SO4-2    -2.0  2.50026E-05           -4.6020         2.40154E+00







 Sierra Nevada (Perennial Spr.)                                                  








                      ****DESCRIPTION OF SOLUTION ****

          ANALYT.   COMP.         PH           ACTIVITY H2O =  1.0000
 EPMCAT     0.96      0.96       6.800         PCO2=  8.957449E-03
 EPMAN      0.98      0.97                     LOG PCO2 =  -2.0478
                              TEMPERATURE      PO2 =  1.202173E-56
 EH = 0.0000  PE =   0.000     25.00 DEG C     PCH4 =  2.974491E-34
 PE CALC S =    0.000                          CO2 TOT =  1.199255E-03
 PE CALC DOX=  0.000         IONIC STRENGTH    DENSITY =   1.0000
 PE SATO DOX=  0.000          1.313205E-03     TDS =     102.4MG/L
 TOT ALK =  8.951E-01 MEQ                      CARB ALK =  8.948E-01 MEQ
 ELECT   = -1.400E-02 MEQ                      CHARGE IMBALANCE =   -0.7%

 IN COMPUTING THE DISTRIBUTION OF SPECIES,
 PE =   0.000     EQUIVALENT EH =  0.000VOLTS





                         -----------------------
                         DISTRIBUTION OF SPECIES
                         -----------------------

  I  SPECIES         MOLALITY   ACTIVITY    LOG ACT    GAMMA

   1 H+       1.    1.6471E-07  1.5849E-07  -6.800  9.6223E-01
   2 E-      -1.    1.0000E+00  1.0000E+00   0.000  1.0000E+00
   4 Ca+2     2.    2.5657E-04  2.1854E-04  -3.660  8.5178E-01
   5 Mg+2     2.    7.0084E-05  5.9757E-05  -4.224  8.5264E-01
   6 Na+      1.    2.5888E-04  2.4861E-04  -3.604  9.6035E-01
   7 K+       1.    3.9998E-05  3.8396E-05  -4.416  9.5995E-01
  13 H4SiO4   0.    4.0964E-04  4.0977E-04  -3.387  1.0003E+00
  14 Cl-     -1.    3.0003E-05  2.8801E-05  -4.541  9.5995E-01
  15 CO3-2   -2.    2.9723E-07  2.5323E-07  -6.596  8.5197E-01
  16 SO4-2   -2.    2.3803E-05  2.0263E-05  -4.693  8.5125E-01
  31 OH-     -1.    6.5800E-08  6.3162E-08  -7.200  9.5990E-01
  33 H2 AQ    0.    1.7777E-17  1.7783E-17 -16.750  1.0003E+00
  34 HCO3-   -1.    8.9075E-04  8.5578E-04  -3.068  9.6074E-01
  35 H2CO3    0.    3.0487E-04  3.0496E-04  -3.516  1.0003E+00
  40 HSO4-   -1.    3.2519E-10  3.1223E-10  -9.506  9.6014E-01
  75 CaOH+    1.    2.3833E-10  2.2883E-10  -9.640  9.6014E-01
  76 CaCO3    0.    9.2937E-08  9.2965E-08  -7.032  1.0003E+00
  77 CaHCO3+  1.    2.4836E-06  2.3861E-06  -5.622  9.6074E-01
  78 CaSO4    0.    8.8326E-07  8.8353E-07  -6.054  1.0003E+00
  79 CaHSO4   1.    8.5484E-13  8.2077E-13 -12.086  9.6014E-01
  85 MgOH+    1.    1.4257E-09  1.3689E-09  -8.864  9.6014E-01
  86 MgCO3    0.    1.4435E-08  1.4440E-08  -7.840  1.0003E+00
  87 MgHCO3+  1.    6.2320E-07  5.9836E-07  -6.223  9.6014E-01
  88 MgSO4    0.    2.8376E-07  2.8384E-07  -6.547  1.0003E+00
  93 NaOH     0.    1.0360E-11  1.0364E-11 -10.984  1.0003E+00
  94 NaCO3-  -1.    1.2210E-09  1.1723E-09  -8.931  9.6014E-01
  95 NaHCO3   0.    1.1965E-07  1.1968E-07  -6.922  1.0003E+00
  96 NaSO4-  -1.    2.6296E-08  2.5248E-08  -7.598  9.6014E-01
  99 KOH      0.    8.3973E-13  8.3999E-13 -12.076  1.0003E+00
 100 KSO4-   -1.    5.6935E-09  5.4666E-09  -8.262  9.6014E-01
 164 H3SiO4- -1.    3.9705E-07  3.8123E-07  -6.419  9.6014E-01
 165 H2SiO4-2-2.    1.9253E-13  1.6362E-13 -12.786  8.4985E-01





      PHASE      IAP       KT      LOG IAP  LOG KT    IAP/KT  LOG IAP/KT

   1 Calcite  5.534E-11 3.313E-09  -10.257   -8.480  1.671E-02   -1.777
   2 Aragonit 5.534E-11 4.613E-09  -10.257   -8.336  1.200E-02   -1.921
   3 Dolomite 8.374E-22 8.128E-18  -21.077  -17.090  1.030E-04   -3.987
   8 Gypsum   4.428E-09 2.625E-05   -8.354   -4.581  1.687E-04   -3.773
   9 Anhydrit 4.428E-09 4.357E-05   -8.354   -4.361  1.016E-04   -3.993
  14 SiO2 (a) 4.098E-04 1.942E-03   -3.387   -2.712  2.110E-01   -0.676
  15 Chalcedy 4.098E-04 2.810E-04   -3.387   -3.551  1.459E+00    0.164
  16 Quartz   4.098E-04 1.046E-04   -3.387   -3.980  3.917E+00    0.593
  26 Talc     3.796E+14 2.506E+21   14.579   21.399  1.515E-07   -6.820
  28 Chrysotl 2.261E+21 1.589E+32   21.354   32.201  1.423E-11  -10.847
  29 Sepiol c 3.894E+08 5.754E+15    8.590   15.760  6.767E-08   -7.170
  30 Sepiol d 3.894E+08 4.571E+18    8.590   18.660  8.519E-11  -10.070
  42 PCO2     3.050E-04 3.405E-02   -3.516   -1.468  8.957E-03   -2.048
  44 H2 gas   1.778E-17 7.079E-04  -16.750   -3.150  2.512E-14  -13.600



1GSL, Bear R. weighted 1961                                                      





                              ----------------
                              INITIAL SOLUTION
                              ----------------



          TEMPERATURE =  15.00 DEGREES C    PH =  8.100
          ANALYTICAL EPMCAT =   16.722    ANALYTICAL EPMAN =   16.634


     ***** OXIDATION - REDUCTION *****


 DISSOLVED OXYGEN =  0.000 MMOLES/KG H2O
 EH MEASURED WITH CALOMEL =  9.9000 VOLTS         FLAG CORALK PECALC IDAVES
 MEASURED EH OF ZOBELL SOLUTION =  9.9000 VOLTS     4    2      1      1
 CORRECTED EH =  0.0000 VOLTS
 PE COMPUTED FROM CORRECTED EH =   0.000




               *** TOTAL CONCENTRATIONS OF INPUT SPECIES ***

                         TOTAL             LOG TOTAL            TOTAL
        SPECIES        MOLALITY            MOLALITY           MG/LITRE
        -------        --------            --------           --------

        Ca+2      2.0  1.69800E-03           -2.7701         6.79806E+01
        Mg+2      2.0  1.73000E-03           -2.7620         4.20133E+01
        Na+       1.0  9.44900E-03           -2.0246         2.16991E+02
        K+        1.0  4.35000E-04           -3.3615         1.69906E+01
        Cl-      -1.0  9.23400E-03           -2.0346         3.27011E+02
        HCO3-    -1.0  6.02100E-03           -2.2203         3.66979E+02
        SO4-2    -2.0  6.98000E-04           -3.1561         6.69769E+01







 GSL, Bear R. weighted 1961                                                      








                      ****DESCRIPTION OF SOLUTION ****

          ANALYT.   COMP.         PH           ACTIVITY H2O =  0.9995
 EPMCAT    16.72     16.24       8.100         PCO2=  2.279652E-03
 EPMAN     16.63     16.14                     LOG PCO2 =  -2.6421
                              TEMPERATURE      PO2 =  5.877238E-55
 EH = 0.0000  PE =   0.000     15.00 DEG C     PCH4 =  1.001701E-43
 PE CALC S =    0.000                          CO2 TOT =  6.021000E-03
 PE CALC DOX=  0.000         IONIC STRENGTH    DENSITY =   1.0000
 PE SATO DOX=  0.000          1.996724E-02     TDS =    1104.9MG/L
 TOT ALK =  6.009E+00 MEQ                      CARB ALK =  6.008E+00 MEQ
 ELECT   =  1.007E-01 MEQ                      CHARGE IMBALANCE =    0.3%

 IN COMPUTING THE DISTRIBUTION OF SPECIES,
 PE =   0.000     EQUIVALENT EH =  0.000VOLTS





                         -----------------------
                         DISTRIBUTION OF SPECIES
                         -----------------------

  I  SPECIES         MOLALITY   ACTIVITY    LOG ACT    GAMMA

   1 H+       1.    8.9158E-09  7.9433E-09  -8.100  8.9092E-01
   2 E-      -1.    1.0000E+00  1.0000E+00   0.000  1.0000E+00
   4 Ca+2     2.    1.5563E-03  9.2176E-04  -3.035  5.9226E-01
   5 Mg+2     2.    1.5928E-03  9.5419E-04  -3.020  5.9905E-01
   6 Na+      1.    9.4093E-03  8.2244E-03  -2.085  8.7408E-01
   7 K+       1.    4.3415E-04  3.7740E-04  -3.423  8.6928E-01
  14 Cl-     -1.    9.2340E-03  8.0269E-03  -2.095  8.6928E-01
  15 CO3-2   -2.    3.9535E-05  2.3421E-05  -4.630  5.9242E-01
  16 SO4-2   -2.    5.6978E-04  3.3429E-04  -3.476  5.8670E-01
  31 OH-     -1.    6.5006E-07  5.6719E-07  -6.246  8.7252E-01
  33 H2 AQ    0.    4.9289E-20  4.9516E-20 -19.305  1.0046E+00
  34 HCO3-   -1.    5.6870E-03  4.9893E-03  -2.302  8.7732E-01
  35 H2CO3    0.    1.0353E-04  1.0400E-04  -3.983  1.0046E+00
  40 HSO4-   -1.    2.4010E-10  2.0950E-10  -9.679  8.7252E-01
  75 CaOH+    1.    2.2061E-08  1.9249E-08  -7.716  8.7252E-01
  76 CaCO3    0.    3.0730E-05  3.0872E-05  -4.510  1.0046E+00
  77 CaHCO3+  1.    5.5338E-05  4.8549E-05  -4.314  8.7732E-01
  78 CaSO4    0.    5.5561E-05  5.5817E-05  -4.253  1.0046E+00
  79 CaHSO4   1.    3.2807E-12  2.8625E-12 -11.543  8.7252E-01
  85 MgOH+    1.    2.0045E-07  1.7490E-07  -6.757  8.7252E-01
  86 MgCO3    0.    1.8206E-05  1.8290E-05  -4.738  1.0046E+00
  87 MgHCO3+  1.    6.1727E-05  5.3858E-05  -4.269  8.7252E-01
  88 MgSO4    0.    5.7019E-05  5.7282E-05  -4.242  1.0046E+00
  93 NaOH     0.    6.8061E-09  6.8374E-09  -8.165  1.0046E+00
  94 NaCO3-  -1.    2.4394E-06  2.1284E-06  -5.672  8.7252E-01
  95 NaHCO3   0.    2.2507E-05  2.2610E-05  -4.646  1.0046E+00
  96 NaSO4-  -1.    1.4790E-05  1.2904E-05  -4.889  8.7252E-01
  99 KOH      0.    1.6390E-10  1.6466E-10  -9.783  1.0046E+00
 100 KSO4-   -1.    8.4816E-07  7.4004E-07  -6.131  8.7252E-01





      PHASE      IAP       KT      LOG IAP  LOG KT    IAP/KT  LOG IAP/KT

   1 Calcite  2.159E-08 3.714E-09   -7.666   -8.430  5.813E+00    0.764
   2 Aragonit 2.159E-08 5.261E-09   -7.666   -8.279  4.104E+00    0.613
   3 Dolomite 4.825E-16 1.413E-17  -15.317  -16.850  3.415E+01    1.533
   8 Gypsum   3.078E-07 2.603E-05   -6.512   -4.585  1.183E-02   -1.927
   9 Anhydrit 3.081E-07 4.621E-05   -6.511   -4.335  6.668E-03   -2.176
  42 PCO2     1.040E-04 4.562E-02   -3.983   -1.341  2.280E-03   -2.642
  44 H2 gas   4.952E-20 7.848E-04  -19.305   -3.105  6.310E-17  -16.200



1GSL, S. arm at RR Oct. 1960.                                                    





                              ----------------
                              INITIAL SOLUTION
                              ----------------



          TEMPERATURE =  15.00 DEGREES C    PH =  7.500
          ANALYTICAL EPMCAT = 4688.498    ANALYTICAL EPMAN = 4562.376


     ***** OXIDATION - REDUCTION *****


 DISSOLVED OXYGEN =  0.000 MMOLES/KG H2O
 EH MEASURED WITH CALOMEL =  9.9000 VOLTS         FLAG CORALK PECALC IDAVES
 MEASURED EH OF ZOBELL SOLUTION =  9.9000 VOLTS     4    2      1      1
 CORRECTED EH =  0.0000 VOLTS
 PE COMPUTED FROM CORRECTED EH =   0.000




               *** TOTAL CONCENTRATIONS OF INPUT SPECIES ***

                         TOTAL             LOG TOTAL            TOTAL
        SPECIES        MOLALITY            MOLALITY           MG/LITRE
        -------        --------            --------           --------

        Ca+2      2.0  1.12170E-02           -1.9501         3.19303E+02
        Mg+2      2.0  4.91925E-01           -0.3081         8.49412E+03
        Na+       1.0  5.42862E+00            0.7347         8.86387E+04
        K+        1.0  1.66479E-01           -0.7786         4.62336E+03
        Cl-      -1.0  5.83464E+00            0.7660         1.46915E+05
        HCO3-    -1.0  6.30600E-03           -2.2002         2.73279E+02
        SO4-2    -2.0  2.91427E-01           -0.5355         1.98829E+04







 GSL, S. arm at RR Oct. 1960.                                                    








                      ****DESCRIPTION OF SOLUTION ****

          ANALYT.   COMP.         PH           ACTIVITY H2O =  0.7956
 EPMCAT  4688.50   4426.77       7.500         PCO2=  2.684225E-03
 EPMAN   4562.38   4300.82                     LOG PCO2 =  -2.5712
                              TEMPERATURE      PO2 =  1.482604E-57
 EH = 0.0000  PE =   0.000     15.00 DEG C     PCH4 =  1.174459E-38
 PE CALC S =    0.000                          CO2 TOT =  6.306000E-03
 PE CALC DOX=  0.000         IONIC STRENGTH    DENSITY =   1.0000
 PE SATO DOX=  0.000          6.571719E+00     TDS =  269146.6MG/L
 TOT ALK =  6.540E+00 MEQ                      CARB ALK =  6.532E+00 MEQ
 ELECT   =  1.773E+02 MEQ                      CHARGE IMBALANCE =    1.4%

 IN COMPUTING THE DISTRIBUTION OF SPECIES,
 PE =   0.000     EQUIVALENT EH =  0.000VOLTS





                         -----------------------
                         DISTRIBUTION OF SPECIES
                         -----------------------

  I  SPECIES         MOLALITY   ACTIVITY    LOG ACT    GAMMA

   1 H+       1.    4.4748E-08  3.1623E-08  -7.500  7.0669E-01
   2 E-      -1.    1.0000E+00  1.0000E+00   0.000  1.0000E+00
   4 Ca+2     2.    8.8760E-03  1.0963E-02  -1.960  1.2351E+00
   5 Mg+2     2.    3.3199E-01  8.2604E-01  -0.083  2.4881E+00
   6 Na+      1.    5.3825E+00  8.4705E+00   0.928  1.5737E+00
   7 K+       1.    1.6583E-01  9.7894E-02  -1.009  5.9033E-01
  14 Cl-     -1.    5.8346E+00  3.4443E+00   0.537  5.9033E-01
  15 CO3-2   -2.    1.1855E-05  1.3851E-06  -5.859  1.1684E-01
  16 SO4-2   -2.    8.6638E-02  4.8107E-03  -2.318  5.5526E-02
  31 OH-     -1.    2.6622E-08  1.1341E-07  -6.945  4.2600E+00
  33 H2 AQ    0.    1.7281E-19  7.8478E-19 -18.105  4.5412E+00
  34 HCO3-   -1.    2.0092E-03  1.1747E-03  -2.930  5.8465E-01
  35 H2CO3    0.    2.6967E-05  1.2246E-04  -3.912  4.5412E+00
  40 HSO4-   -1.    2.8174E-09  1.2002E-08  -7.921  4.2600E+00
  75 CaOH+    1.    1.0745E-08  4.5775E-08  -7.339  4.2600E+00
  76 CaCO3    0.    4.7816E-06  2.1714E-05  -4.663  4.5412E+00
  77 CaHCO3+  1.    2.3252E-04  1.3594E-04  -3.867  5.8465E-01
  78 CaSO4    0.    2.1037E-03  9.5532E-03  -2.020  4.5412E+00
  79 CaHSO4   1.    4.5783E-10  1.9504E-09  -8.710  4.2600E+00
  85 MgOH+    1.    7.1066E-06  3.0274E-05  -4.519  4.2600E+00
  86 MgCO3    0.    2.0619E-04  9.3637E-04  -3.029  4.5412E+00
  87 MgHCO3+  1.    2.5768E-03  1.0977E-02  -1.960  4.2600E+00
  88 MgSO4    0.    1.5714E-01  7.1361E-01  -0.147  4.5412E+00
  93 NaOH     0.    3.1006E-07  1.4081E-06  -5.851  4.5412E+00
  94 NaCO3-  -1.    3.0432E-05  1.2964E-04  -3.887  4.2600E+00
  95 NaHCO3   0.    1.2073E-03  5.4826E-03  -2.261  4.5412E+00
  96 NaSO4-  -1.    4.4896E-02  1.9126E-01  -0.718  4.2600E+00
  99 KOH      0.    1.8806E-09  8.5402E-09  -8.069  4.5412E+00
 100 KSO4-   -1.    6.4845E-04  2.7624E-03  -2.559  4.2600E+00





      PHASE      IAP       KT      LOG IAP  LOG KT    IAP/KT  LOG IAP/KT

   1 Calcite  1.518E-08 3.714E-09   -7.819   -8.430  4.089E+00    0.612
   2 Aragonit 1.518E-08 5.261E-09   -7.819   -8.279  2.886E+00    0.460
   3 Dolomite 1.737E-14 1.413E-17  -13.760  -16.850  1.230E+03    3.090
   8 Gypsum   3.338E-05 2.603E-05   -4.476   -4.585  1.283E+00    0.108
   9 Anhydrit 5.274E-05 4.621E-05   -4.278   -4.335  1.141E+00    0.057
  42 PCO2     1.225E-04 4.562E-02   -3.912   -1.341  2.684E-03   -2.571
  44 H2 gas   7.848E-19 7.848E-04  -18.105   -3.105  1.000E-15  -15.000



1Chapelle-Knobel (1985) Fd-12                                                    





                              ----------------
                              INITIAL SOLUTION
                              ----------------



          TEMPERATURE =  17.00 DEGREES C    PH =  7.600
          ANALYTICAL EPMCAT =    3.464    ANALYTICAL EPMAN =    3.357


     ***** OXIDATION - REDUCTION *****


 DISSOLVED OXYGEN =  0.000 MMOLES/KG H2O
 EH MEASURED WITH CALOMEL =  9.9000 VOLTS         FLAG CORALK PECALC IDAVES
 MEASURED EH OF ZOBELL SOLUTION =  9.9000 VOLTS     2    0      1      0
 CORRECTED EH =  0.0000 VOLTS
 PE COMPUTED FROM CORRECTED EH =   0.000




               *** TOTAL CONCENTRATIONS OF INPUT SPECIES ***

                         TOTAL             LOG TOTAL            TOTAL
        SPECIES        MOLALITY            MOLALITY           MG/LITRE
        -------        --------            --------           --------

        Ca+2      2.0  1.02324E-03           -2.9900         4.10000E+01
        Mg+2      2.0  5.34864E-04           -3.2718         1.30000E+01
        Na+       1.0  1.65337E-04           -3.7816         3.80000E+00
        K+        1.0  1.81627E-04           -3.7408         7.10000E+00
        H4SiO4    0.0  2.33069E-04           -3.6325         1.40000E+01
        Cl-      -1.0  4.23213E-05           -4.3734         1.50000E+00
        HCO3-    -1.0  2.91801E-03           -2.5349         1.78000E+02
        SO4-2    -2.0  1.97845E-04           -3.7037         1.90000E+01







 Chapelle-Knobel (1985) Fd-12                                                    








                      ****DESCRIPTION OF SOLUTION ****

          ANALYT.   COMP.         PH           ACTIVITY H2O =  0.9999
 EPMCAT     3.46      3.36       7.600         PCO2=  3.940261E-03
 EPMAN      3.36      3.25                     LOG PCO2 =  -2.4045
                              TEMPERATURE      PO2 =  3.090685E-56
 EH = 0.0000  PE =   0.000     17.00 DEG C     PCH4 =  8.440772E-40
 PE CALC S =    0.000                          CO2 TOT =  3.074059E-03
 PE CALC DOX=  0.000         IONIC STRENGTH    DENSITY =   1.0000
 PE SATO DOX=  0.000          4.976027E-03     TDS =     277.4MG/L
 TOT ALK =  2.918E+00 MEQ                      CARB ALK =  2.917E+00 MEQ
 ELECT   =  1.071E-01 MEQ                      CHARGE IMBALANCE =    1.6%

 IN COMPUTING THE DISTRIBUTION OF SPECIES,
 PE =   0.000     EQUIVALENT EH =  0.000VOLTS





                         -----------------------
                         DISTRIBUTION OF SPECIES
                         -----------------------

  I  SPECIES         MOLALITY   ACTIVITY    LOG ACT    GAMMA

   1 H+       1.    2.6881E-08  2.5119E-08  -7.600  9.3444E-01
   2 E-      -1.    1.0000E+00  1.0000E+00   0.000  1.0000E+00
   4 Ca+2     2.    9.7853E-04  7.3088E-04  -3.136  7.4691E-01
   5 Mg+2     2.    5.1174E-04  3.8353E-04  -3.416  7.4946E-01
   6 Na+      1.    1.6500E-04  1.5321E-04  -3.815  9.2856E-01
   7 K+       1.    1.8149E-04  1.6827E-04  -3.774  9.2718E-01
  13 H4SiO4   0.    2.3197E-04  2.3224E-04  -3.634  1.0011E+00
  14 Cl-     -1.    4.2321E-05  3.9239E-05  -4.406  9.2718E-01
  15 CO3-2   -2.    5.5521E-06  4.1491E-06  -5.382  7.4730E-01
  16 SO4-2   -2.    1.7113E-04  1.2752E-04  -3.894  7.4516E-01
  31 OH-     -1.    2.2862E-07  2.1193E-07  -6.674  9.2702E-01
  33 H2 AQ    0.    4.8423E-19  4.8479E-19 -18.314  1.0011E+00
  34 HCO3-   -1.    2.8582E-03  2.6575E-03  -2.576  9.2977E-01
  35 H2CO3    0.    1.6872E-04  1.6891E-04  -3.772  1.0011E+00
  40 HSO4-   -1.    2.8352E-10  2.6309E-10  -9.580  9.2795E-01
  75 CaOH+    1.    5.2033E-09  4.8284E-09  -8.316  9.2795E-01
  76 CaCO3    0.    4.4423E-06  4.4474E-06  -5.352  1.0011E+00
  77 CaHCO3+  1.    2.3054E-05  2.1435E-05  -4.669  9.2977E-01
  78 CaSO4    0.    1.7202E-05  1.7222E-05  -4.764  1.0011E+00
  79 CaHSO4   1.    2.9506E-12  2.7380E-12 -11.563  9.2795E-01
  85 MgOH+    1.    2.8914E-08  2.6831E-08  -7.571  9.2795E-01
  86 MgCO3    0.    1.3414E-06  1.3429E-06  -5.872  1.0011E+00
  87 MgHCO3+  1.    1.2487E-05  1.1588E-05  -4.936  9.2795E-01
  88 MgSO4    0.    9.2668E-06  9.2774E-06  -5.033  1.0011E+00
  93 NaOH     0.    4.0250E-11  4.0296E-11 -10.395  1.0011E+00
  94 NaCO3-  -1.    8.4266E-09  7.8195E-09  -8.107  9.2795E-01
  95 NaHCO3   0.    2.2580E-07  2.2606E-07  -6.646  1.0011E+00
  96 NaSO4-  -1.    1.0017E-07  9.2950E-08  -7.032  9.2795E-01
  99 KOH      0.    2.3199E-11  2.3226E-11 -10.634  1.0011E+00
 100 KSO4-   -1.    1.4077E-07  1.3063E-07  -6.884  9.2795E-01
 164 H3SiO4- -1.    1.0956E-06  1.0167E-06  -5.993  9.2795E-01
 165 H2SiO4-2-2.    2.1500E-12  1.5942E-12 -11.797  7.4149E-01





      PHASE      IAP       KT      LOG IAP  LOG KT    IAP/KT  LOG IAP/KT

   1 Calcite  3.032E-09 3.639E-09   -8.518   -8.439  8.333E-01   -0.079
   2 Aragonit 3.032E-09 5.137E-09   -8.518   -8.289  5.904E-01   -0.229
   3 Dolomite 4.826E-18 1.261E-17  -17.316  -16.899  3.827E-01   -0.417
   8 Gypsum   9.319E-08 2.613E-05   -7.031   -4.583  3.566E-03   -2.448
   9 Anhydrit 9.320E-08 4.596E-05   -7.031   -4.338  2.028E-03   -2.693
  14 SiO2 (a) 2.323E-04 1.662E-03   -3.634   -2.779  1.398E-01   -0.855
  15 Chalcedy 2.323E-04 2.255E-04   -3.634   -3.647  1.030E+00    0.013
  16 Quartz   2.323E-04 7.917E-05   -3.634   -4.101  2.934E+00    0.467
  26 Talc     6.536E+20 2.167E+22   20.815   22.336  3.016E-02   -1.521
  28 Chrysotl 1.211E+28 1.656E+33   28.083   33.219  7.315E-06   -5.136
  29 Sepiol c 4.628E+12 9.468E+15   12.665   15.976  4.888E-04   -3.311
  30 Sepiol d 4.628E+12 4.571E+18   12.665   18.660  1.013E-06   -5.995
  42 PCO2     1.689E-04 4.287E-02   -3.772   -1.368  3.940E-03   -2.404
  44 H2 gas   4.848E-19 7.683E-04  -18.314   -3.114  6.310E-16  -15.200



1Chapelle-Knobel (1985) Ff-35                                                    





                              ----------------
                              INITIAL SOLUTION
                              ----------------



          TEMPERATURE =  19.00 DEGREES C    PH =  8.400
          ANALYTICAL EPMCAT =    6.602    ANALYTICAL EPMAN =    6.362


     ***** OXIDATION - REDUCTION *****


 DISSOLVED OXYGEN =  0.000 MMOLES/KG H2O
 EH MEASURED WITH CALOMEL =  9.9000 VOLTS         FLAG CORALK PECALC IDAVES
 MEASURED EH OF ZOBELL SOLUTION =  9.9000 VOLTS     2    0      1      0
 CORRECTED EH =  0.0000 VOLTS
 PE COMPUTED FROM CORRECTED EH =   0.000




               *** TOTAL CONCENTRATIONS OF INPUT SPECIES ***

                         TOTAL             LOG TOTAL            TOTAL
        SPECIES        MOLALITY            MOLALITY           MG/LITRE
        -------        --------            --------           --------

        Ca+2      2.0  7.48912E-05           -4.1256         3.00000E+00
        Mg+2      2.0  7.81934E-05           -4.1068         1.90000E+00
        Na+       1.0  6.09298E-03           -2.2152         1.40000E+02
        K+        1.0  1.99587E-04           -3.6999         7.80000E+00
        H4SiO4    0.0  1.83175E-04           -3.7371         1.10000E+01
        Cl-      -1.0  6.77322E-05           -4.1692         2.40000E+00
        HCO3-    -1.0  6.01797E-03           -2.2205         3.67000E+02
        SO4-2    -2.0  1.35404E-04           -3.8684         1.30000E+01







 Chapelle-Knobel (1985) Ff-35                                                    








                      ****DESCRIPTION OF SOLUTION ****

          ANALYT.   COMP.         PH           ACTIVITY H2O =  0.9998
 EPMCAT     6.60      6.55       8.400         PCO2=  1.290419E-03
 EPMAN      6.36      6.31                     LOG PCO2 =  -2.8893
                              TEMPERATURE      PO2 =  2.518014E-52
 EH = 0.0000  PE =   0.000     19.00 DEG C     PCH4 =  5.417583E-47
 PE CALC S =    0.000                          CO2 TOT =  5.974210E-03
 PE CALC DOX=  0.000         IONIC STRENGTH    DENSITY =   1.0000
 PE SATO DOX=  0.000          6.776653E-03     TDS =     546.1MG/L
 TOT ALK =  6.018E+00 MEQ                      CARB ALK =  6.010E+00 MEQ
 ELECT   =  2.422E-01 MEQ                      CHARGE IMBALANCE =    1.9%

 IN COMPUTING THE DISTRIBUTION OF SPECIES,
 PE =   0.000     EQUIVALENT EH =  0.000VOLTS





                         -----------------------
                         DISTRIBUTION OF SPECIES
                         -----------------------

  I  SPECIES         MOLALITY   ACTIVITY    LOG ACT    GAMMA

   1 H+       1.    4.3004E-09  3.9811E-09  -8.400  9.2575E-01
   2 E-      -1.    1.0000E+00  1.0000E+00   0.000  1.0000E+00
   4 Ca+2     2.    6.6874E-05  4.7819E-05  -4.320  7.1506E-01
   5 Mg+2     2.    7.1336E-05  5.1241E-05  -4.290  7.1830E-01
   6 Na+      1.    6.0691E-03  5.5724E-03  -2.254  9.1817E-01
   7 K+       1.    1.9947E-04  1.8278E-04  -3.738  9.1633E-01
  13 H4SiO4   0.    1.7740E-04  1.7768E-04  -3.750  1.0016E+00
  14 Cl-     -1.    6.7732E-05  6.2065E-05  -4.207  9.1633E-01
  15 CO3-2   -2.    7.7204E-05  5.5240E-05  -4.258  7.1550E-01
  16 SO4-2   -2.    1.3076E-04  9.3206E-05  -4.031  7.1278E-01
  31 OH-     -1.    1.7177E-06  1.5736E-06  -5.803  9.1611E-01
  33 H2 AQ    0.    1.1907E-20  1.1926E-20 -19.924  1.0016E+00
  34 HCO3-   -1.    5.8108E-03  5.3442E-03  -2.272  9.1971E-01
  35 H2CO3    0.    5.1998E-05  5.2079E-05  -4.283  1.0016E+00
  40 HSO4-   -1.    3.4612E-11  3.1753E-11 -10.498  9.1739E-01
  75 CaOH+    1.    2.1725E-09  1.9930E-09  -8.700  9.1739E-01
  76 CaCO3    0.    3.9817E-06  3.9879E-06  -5.399  1.0016E+00
  77 CaHCO3+  1.    3.1945E-06  2.9381E-06  -5.532  9.1971E-01
  78 CaSO4    0.    8.3855E-07  8.3986E-07  -6.076  1.0016E+00
  79 CaHSO4   1.    2.2620E-14  2.0751E-14 -13.683  9.1739E-01
  85 MgOH+    1.    2.9665E-08  2.7214E-08  -7.565  9.1739E-01
  86 MgCO3    0.    2.4594E-06  2.4632E-06  -5.608  1.0016E+00
  87 MgHCO3+  1.    3.4137E-06  3.1317E-06  -5.504  9.1739E-01
  88 MgSO4    0.    9.5474E-07  9.5623E-07  -6.019  1.0016E+00
  93 NaOH     0.    9.2315E-09  9.2459E-09  -8.034  1.0016E+00
  94 NaCO3-  -1.    4.5878E-06  4.2088E-06  -5.376  9.1739E-01
  95 NaHCO3   0.    1.6604E-05  1.6630E-05  -4.779  1.0016E+00
  96 NaSO4-  -1.    2.7294E-06  2.5039E-06  -5.601  9.1739E-01
  99 KOH      0.    1.5891E-10  1.5916E-10  -9.798  1.0016E+00
 100 KSO4-   -1.    1.1726E-07  1.0757E-07  -6.968  9.1739E-01
 164 H3SiO4- -1.    5.7737E-06  5.2967E-06  -5.276  9.1739E-01
 165 H2SiO4-2-2.    8.5229E-11  6.0367E-11 -10.219  7.0829E-01





      PHASE      IAP       KT      LOG IAP  LOG KT    IAP/KT  LOG IAP/KT

   1 Calcite  2.642E-09 3.561E-09   -8.578   -8.448  7.417E-01   -0.130
   2 Aragonit 2.642E-09 5.009E-09   -8.578   -8.300  5.273E-01   -0.278
   3 Dolomite 7.477E-18 1.127E-17  -17.126  -16.948  6.632E-01   -0.178
   8 Gypsum   4.455E-09 2.621E-05   -8.351   -4.582  1.700E-04   -3.770
   9 Anhydrit 4.457E-09 4.556E-05   -8.351   -4.341  9.783E-05   -4.010
  14 SiO2 (a) 1.778E-04 1.729E-03   -3.750   -2.762  1.028E-01   -0.988
  15 Chalcedy 1.778E-04 2.385E-04   -3.750   -3.622  7.452E-01   -0.128
  16 Quartz   1.778E-04 8.500E-05   -3.750   -4.071  2.091E+00    0.320
  26 Talc     3.371E+22 1.250E+22   22.528   22.097  2.698E+00    0.431
  28 Chrysotl 1.067E+30 9.109E+32   30.028   32.959  1.171E-03   -2.931
  29 Sepiol c 5.864E+13 8.338E+15   13.768   15.921  7.032E-03   -2.153
  30 Sepiol d 5.864E+13 4.571E+18   13.768   18.660  1.283E-05   -4.892
  42 PCO2     5.208E-05 4.036E-02   -4.283   -1.394  1.290E-03   -2.889
  44 H2 gas   1.193E-20 7.525E-04  -19.924   -3.124  1.585E-17  -16.800



1Pinal Cr. background, #404                                                      





                              ----------------
                              INITIAL SOLUTION
                              ----------------



          TEMPERATURE =  19.00 DEGREES C    PH =  7.650
          ANALYTICAL EPMCAT =    4.247    ANALYTICAL EPMAN =    4.341


     ***** OXIDATION - REDUCTION *****


 DISSOLVED OXYGEN =  0.184 MMOLES/KG H2O
 EH MEASURED WITH CALOMEL =  9.9000 VOLTS         FLAG CORALK PECALC IDAVES
 MEASURED EH OF ZOBELL SOLUTION =  9.9000 VOLTS     2    0      3      0
 CORRECTED EH =  9.9000 VOLTS
 PE COMPUTED FROM CORRECTED EH = 100.000




               *** TOTAL CONCENTRATIONS OF INPUT SPECIES ***

                         TOTAL             LOG TOTAL            TOTAL
        SPECIES        MOLALITY            MOLALITY           MG/LITRE
        -------        --------            --------           --------

        Ca+2      2.0  9.98375E-04           -3.0007         4.00000E+01
        Mg+2      2.0  5.34914E-04           -3.2717         1.30000E+01
        Na+       1.0  1.17487E-03           -2.9300         2.70000E+01
        Mn+2      2.0  1.82091E-06           -5.7397         1.00000E-01
        H4SiO4    0.0  5.32779E-04           -3.2735         3.20000E+01
        Cl-      -1.0  2.25735E-04           -3.6464         8.00000E+00
        HCO3-    -1.0  3.73804E-03           -2.4274         2.28000E+02
        SO4-2    -2.0  1.87449E-04           -3.7271         1.80000E+01
        DOX       0.0  1.84451E-04           -3.7341         5.90000E+00







 Pinal Cr. background, #404                                                      








                      ****DESCRIPTION OF SOLUTION ****

          ANALYT.   COMP.         PH           ACTIVITY H2O =  0.9999
 EPMCAT     4.25      4.13       7.650         PCO2=  4.586202E-03
 EPMAN      4.34      4.22                     LOG PCO2 =  -2.3385
                              TEMPERATURE      PO2 =  4.046953E-44
 EH = 9.9000  PE =   2.801     19.00 DEG C     PCH4 =  7.455274E-63
 PE CALC S =    0.000                          CO2 TOT =  3.902015E-03
 PE CALC DOX= 13.444         IONIC STRENGTH    DENSITY =   1.0000
 PE SATO DOX=  2.801          5.805588E-03     TDS =     372.0MG/L
 TOT ALK =  3.738E+00 MEQ                      CARB ALK =  3.735E+00 MEQ
 ELECT   = -9.358E-02 MEQ                      CHARGE IMBALANCE =   -1.1%

 IN COMPUTING THE DISTRIBUTION OF SPECIES,
 PE =   2.801     EQUIVALENT EH =  0.162VOLTS





                         -----------------------
                         DISTRIBUTION OF SPECIES
                         -----------------------

  I  SPECIES         MOLALITY   ACTIVITY    LOG ACT    GAMMA

   1 H+       1.    2.4070E-08  2.2387E-08  -7.650  9.3010E-01
   2 E-      -1.    1.5794E-03  1.5794E-03  -2.801  1.0000E+00
   4 Ca+2     2.    9.4737E-04  6.9249E-04  -3.160  7.3096E-01
   5 Mg+2     2.    5.0841E-04  3.7309E-04  -3.428  7.3384E-01
   6 Na+      1.    1.1721E-03  1.0823E-03  -2.966  9.2340E-01
   9 Mn+2     2.    1.1278E-06  8.2820E-07  -6.082  7.3437E-01
  13 H4SiO4   0.    5.2973E-04  5.3044E-04  -3.275  1.0013E+00
  14 Cl-     -1.    2.2573E-04  2.0808E-04  -3.682  9.2181E-01
  15 CO3-2   -2.    8.4893E-06  6.2089E-06  -5.207  7.3138E-01
  16 SO4-2   -2.    1.6249E-04  1.1845E-04  -3.926  7.2896E-01
  28 DOX      0.    1.8445E-04  1.8470E-04  -3.734  1.0013E+00
  31 OH-     -1.    3.0366E-07  2.7986E-07  -6.553  9.2162E-01
  33 H2 AQ    0.    9.3951E-25  9.4077E-25 -24.027  1.0013E+00
  34 HCO3-   -1.    3.6527E-03  3.3779E-03  -2.471  9.2477E-01
  35 H2CO3    0.    1.8484E-04  1.8509E-04  -3.733  1.0013E+00
  40 HSO4-   -1.    2.4593E-10  2.2692E-10  -9.644  9.2271E-01
  75 CaOH+    1.    5.5628E-09  5.1328E-09  -8.290  9.2271E-01
  76 CaCO3    0.    6.4824E-06  6.4911E-06  -5.188  1.0013E+00
  77 CaHCO3+  1.    2.9080E-05  2.6893E-05  -4.570  9.2477E-01
  78 CaSO4    0.    1.5436E-05  1.5457E-05  -4.811  1.0013E+00
  79 CaHSO4   1.    2.3275E-12  2.1476E-12 -11.668  9.2271E-01
  85 MgOH+    1.    3.8192E-08  3.5240E-08  -7.453  9.2271E-01
  86 MgCO3    0.    2.0132E-06  2.0159E-06  -5.696  1.0013E+00
  87 MgHCO3+  1.    1.5620E-05  1.4412E-05  -4.841  9.2271E-01
  88 MgSO4    0.    8.8364E-06  8.8482E-06  -5.053  1.0013E+00
  93 NaOH     0.    3.1894E-10  3.1936E-10  -9.496  1.0013E+00
  94 NaCO3-  -1.    9.9577E-08  9.1880E-08  -7.037  9.2271E-01
  95 NaHCO3   0.    2.0388E-06  2.0416E-06  -5.690  1.0013E+00
  96 NaSO4-  -1.    6.6981E-07  6.1804E-07  -6.209  9.2271E-01
 134 MnOH+    1.    6.2551E-10  5.7716E-10  -9.239  9.2271E-01
 136 MnCl+    1.    7.6086E-10  7.0206E-10  -9.154  9.2271E-01
 137 MnCl2    0.    6.3684E-14  6.3769E-14 -13.195  1.0013E+00
 138 MnCl3-  -1.    3.9608E-18  3.6547E-18 -17.437  9.2271E-01
 139 MnCO3    0.    4.0791E-07  4.0846E-07  -6.389  1.0013E+00
 140 MnHCO3+  1.    2.6834E-07  2.4760E-07  -6.606  9.2271E-01
 141 MnSO4    0.    1.5501E-08  1.5522E-08  -7.809  1.0013E+00
 144 Mn+3     3.    1.3666E-29  6.6258E-30 -29.179  4.8484E-01
 164 H3SiO4- -1.    3.0475E-06  2.8120E-06  -5.551  9.2271E-01
 165 H2SiO4-2-2.    7.8621E-12  5.6991E-12 -11.244  7.2488E-01





      PHASE      IAP       KT      LOG IAP  LOG KT    IAP/KT  LOG IAP/KT

   1 Calcite  4.300E-09 3.561E-09   -8.367   -8.448  1.207E+00    0.082
   2 Aragonit 4.300E-09 5.009E-09   -8.367   -8.300  8.583E-01   -0.066
   3 Dolomite 9.960E-18 1.127E-17  -17.002  -16.948  8.835E-01   -0.054
   5 Rhodochr 5.142E-12 7.790E-12  -11.289  -11.108  6.601E-01   -0.180
   8 Gypsum   8.200E-08 2.621E-05   -7.086   -4.582  3.129E-03   -2.505
   9 Anhydrit 8.203E-08 4.556E-05   -7.086   -4.341  1.800E-03   -2.745
  14 SiO2 (a) 5.306E-04 1.729E-03   -3.275   -2.762  3.068E-01   -0.513
  15 Chalcedy 5.306E-04 2.385E-04   -3.275   -3.622  2.224E+00    0.347
  16 Quartz   5.306E-04 8.500E-05   -3.275   -4.071  6.242E+00    0.795
  26 Talc     3.267E+22 1.250E+22   22.514   22.097  2.615E+00    0.417
  28 Chrysotl 1.161E+29 9.109E+32   29.065   32.959  1.274E-04   -3.895
  29 Sepiol c 8.271E+13 8.338E+15   13.918   15.921  9.919E-03   -2.004
  30 Sepiol d 8.271E+13 4.571E+18   13.918   18.660  1.810E-05   -4.742
  38 Pyrolusi 1.321E+30 2.292E+42   30.121   42.360  5.766E-13  -12.239
  39 Hausmani 3.607E+48 3.508E+62   48.557   62.545  1.028E-14  -13.988
  40 Manganit 4.672E+19 2.188E+25   19.670   25.340  2.136E-06   -5.670
  41 Pyrochro 1.652E+09 1.585E+15    9.218   15.200  1.042E-06   -5.982
  42 PCO2     1.851E-04 4.036E-02   -3.733   -1.394  4.586E-03   -2.339
  44 H2 gas   9.408E-25 7.525E-04  -24.027   -3.124  1.250E-21  -20.903



1Pinal Cr pH<4 plume, #51                                                        





                              ----------------
                              INITIAL SOLUTION
                              ----------------



          TEMPERATURE =  18.00 DEGREES C    PH =  3.740
          ANALYTICAL EPMCAT =  199.566    ANALYTICAL EPMAN =  202.462


     ***** OXIDATION - REDUCTION *****


 DISSOLVED OXYGEN =  0.016 MMOLES/KG H2O
 EH MEASURED WITH CALOMEL =  9.9000 VOLTS         FLAG CORALK PECALC IDAVES
 MEASURED EH OF ZOBELL SOLUTION =  9.9000 VOLTS     2    2      1      0
 CORRECTED EH =  0.4300 VOLTS
 PE COMPUTED FROM CORRECTED EH =   7.443




               *** TOTAL CONCENTRATIONS OF INPUT SPECIES ***

                         TOTAL             LOG TOTAL            TOTAL
        SPECIES        MOLALITY            MOLALITY           MG/LITRE
        -------        --------            --------           --------

        Ca+2      2.0  1.11301E-02           -1.9535         4.40000E+02
        Mg+2      2.0  1.62636E-02           -1.7888         3.90000E+02
        Na+       1.0  9.26099E-03           -2.0333         2.10000E+02
        Fe+2      2.0  5.08313E-02           -1.2939         2.80000E+03
        Mn+2      2.0  1.38408E-03           -2.8588         7.50000E+01
        Al+3      3.0  9.39392E-03           -2.0272         2.50000E+02
        H4SiO4    0.0  1.68736E-03           -2.7728         1.00000E+02
        Cl-      -1.0  9.72297E-03           -2.0122         3.40000E+02
        HCO3-    -1.0  4.22040E-03           -2.3746         2.54000E+02
        SO4-2    -2.0  9.28765E-02           -1.0321         8.80000E+03
        DOX       0.0  1.58420E-05           -4.8002         5.00000E-01







 Pinal Cr pH<4 plume, #51                                                        








                      ****DESCRIPTION OF SOLUTION ****

          ANALYT.   COMP.         PH           ACTIVITY H2O =  0.9973
 EPMCAT   199.57    107.79       3.740         PCO2=  1.056983E-01
 EPMAN    202.46    106.10                     LOG PCO2 =  -0.9759
                              TEMPERATURE      PO2 =  1.504509E-41
 EH = 0.4300  PE =   7.443     18.00 DEG C     PCH4 =  3.443226E-67
 PE CALC S =    0.000                          CO2 TOT =  4.220402E-03
 PE CALC DOX= 17.174         IONIC STRENGTH    DENSITY =   1.0000
 PE SATO DOX=  6.446          2.040795E-01     TDS =   13659.5MG/L
 TOT ALK = -5.284E-01 MEQ                      CARB ALK =  2.676E-02 MEQ
 ELECT   =  1.707E+00 MEQ                      CHARGE IMBALANCE =    0.8%

 IN COMPUTING THE DISTRIBUTION OF SPECIES,
 PE =   7.443     EQUIVALENT EH =  0.430VOLTS





                         -----------------------
                         DISTRIBUTION OF SPECIES
                         -----------------------

  I  SPECIES         MOLALITY   ACTIVITY    LOG ACT    GAMMA

   1 H+       1.    2.2795E-04  1.8197E-04  -3.740  7.9828E-01
   2 E-      -1.    3.6039E-08  3.6039E-08  -7.443  1.0000E+00
   4 Ca+2     2.    6.1877E-03  1.9983E-03  -2.699  3.2295E-01
   5 Mg+2     2.    8.6074E-03  2.9686E-03  -2.527  3.4489E-01
   6 Na+      1.    8.6864E-03  6.4687E-03  -2.189  7.4470E-01
   8 Fe+2     2.    3.0182E-02  9.9158E-03  -2.004  3.2853E-01
   9 Mn+2     2.    8.2050E-04  2.6956E-04  -3.569  3.2853E-01
  10 Al+3     3.    8.5128E-04  1.1206E-04  -3.951  1.3164E-01
  13 H4SiO4   0.    1.6874E-03  1.7685E-03  -2.752  1.0481E+00
  14 Cl-     -1.    9.5879E-03  6.8308E-03  -2.166  7.1244E-01
  15 CO3-2   -2.    6.8764E-12  2.1384E-12 -11.670  3.1097E-01
  16 SO4-2   -2.    4.7287E-02  1.3869E-02  -1.858  2.9329E-01
  28 DOX      0.    1.5842E-05  1.6604E-05  -4.780  1.0481E+00
  31 OH-     -1.    4.4764E-11  3.1668E-11 -10.499  7.0744E-01
  33 H2 AQ    0.    3.1198E-26  3.2699E-26 -25.485  1.0481E+00
  34 HCO3-   -1.    1.2967E-05  9.6835E-06  -5.014  7.4676E-01
  35 H2CO3    0.    4.1936E-03  4.3954E-03  -2.357  1.0481E+00
  40 HSO4-   -1.    2.8292E-04  2.1156E-04  -3.675  7.4776E-01
  75 CaOH+    1.    2.4306E-12  1.8175E-12 -11.741  7.4776E-01
  76 CaCO3    0.    6.0638E-12  6.3555E-12 -11.197  1.0481E+00
  77 CaHCO3+  1.    2.9200E-07  2.1805E-07  -6.661  7.4676E-01
  78 CaSO4    0.    4.9342E-03  5.1716E-03  -2.286  1.0481E+00
  79 CaHSO4   1.    7.8876E-06  5.8980E-06  -5.229  7.4776E-01
  85 MgOH+    1.    4.1957E-11  3.1374E-11 -10.503  7.4776E-01
  86 MgCO3    0.    5.1903E-12  5.4400E-12 -11.264  1.0481E+00
  87 MgHCO3+  1.    4.3830E-07  3.2774E-07  -6.484  7.4776E-01
  88 MgSO4    0.    7.6558E-03  8.0241E-03  -2.096  1.0481E+00
  93 NaOH     0.    2.2347E-13  2.3422E-13 -12.630  1.0481E+00
  94 NaCO3-  -1.    2.3995E-13  1.7942E-13 -12.746  7.4776E-01
  95 NaHCO3   0.    3.3285E-08  3.4887E-08  -7.457  1.0481E+00
  96 NaSO4-  -1.    5.7459E-04  4.2966E-04  -3.367  7.4776E-01
 102 FeOH+    1.    1.3451E-08  1.0058E-08  -7.997  7.4776E-01
 105 FeCl+    1.    1.2504E-04  9.3497E-05  -4.029  7.4776E-01
 106 FeCO3    0.    4.8529E-10  5.0864E-10  -9.294  1.0481E+00
 107 FeHCO3+  1.    1.2718E-05  9.5097E-06  -5.022  7.4776E-01
 108 FeSO4    0.    2.0466E-02  2.1451E-02  -1.669  1.0481E+00
 109 FeHSO4+  1.    3.9139E-05  2.9266E-05  -4.534  7.4776E-01
 115 Fe+3     3.    1.3477E-07  1.7740E-08  -7.751  1.3164E-01
 117 FeOH+2   2.    1.3166E-06  4.1161E-07  -6.386  3.1264E-01
 118 FeOH2+   1.    7.6112E-07  5.6913E-07  -6.245  7.4776E-01
 119 FeOH3    0.    2.8049E-10  2.9398E-10  -9.532  1.0481E+00
 120 FeOH4-  -1.    1.4731E-15  1.1015E-15 -14.958  7.4776E-01
 121 Fe2OH2+4 4.    6.4189E-10  6.1323E-12 -11.212  9.5535E-03
 122 Fe3OH4+5 5.    2.0235E-12  1.4129E-15 -14.850  6.9824E-04
 123 FeCl+2   2.    9.3262E-09  2.9157E-09  -8.535  3.1264E-01
 124 FeCl2+   1.    1.4933E-10  1.1166E-10  -9.952  7.4776E-01
 125 FeCl3    0.    7.2774E-14  7.6275E-14 -13.118  1.0481E+00
 126 FeSO4+   1.    3.0785E-06  2.3019E-06  -5.638  7.4776E-01
 127 FeHSO4+2 2.    6.2310E-09  1.9480E-09  -8.710  3.1264E-01
 128 FeSO42- -1.    9.0827E-07  6.7916E-07  -6.168  7.4776E-01
 134 MnOH+    1.    2.8309E-11  2.1168E-11 -10.674  7.4776E-01
 136 MnCl+    1.    1.0032E-05  7.5012E-06  -5.125  7.4776E-01
 137 MnCl2    0.    2.1340E-08  2.2367E-08  -7.650  1.0481E+00
 138 MnCl3-  -1.    5.6275E-11  4.2080E-11 -10.376  7.4776E-01
 139 MnCO3    0.    4.3685E-11  4.5787E-11 -10.339  1.0481E+00
 140 MnHCO3+  1.    3.0813E-07  2.3041E-07  -6.638  7.4776E-01
 141 MnSO4    0.    5.5322E-04  5.7984E-04  -3.237  1.0481E+00
 144 Mn+3     3.    1.1101E-21  8.1134E-23 -22.091  7.3087E-02
 150 AlOH+2   2.    1.2290E-05  3.8424E-06  -5.415  3.1264E-01
 151 AlOH2+   1.    1.1670E-07  8.7265E-08  -7.059  7.4776E-01
 152 AlOH3    0.    3.9169E-11  4.1054E-11 -10.387  1.0481E+00
 153 AlOH4-  -1.    5.2299E-13  3.9107E-13 -12.408  7.4776E-01
 154 AlSO4+   1.    5.9893E-03  4.4785E-03  -2.349  7.4776E-01
 155 AlSO42- -1.    2.5408E-03  1.8999E-03  -2.721  7.4776E-01
 156 AlHSO4+2 2.    2.1707E-07  6.7864E-08  -7.168  3.1264E-01
 164 H3SiO4- -1.    1.4852E-09  1.1106E-09  -8.954  7.4776E-01
 165 H2SiO4-2-2.    8.2557E-19  2.5810E-19 -18.588  3.1264E-01





      PHASE      IAP       KT      LOG IAP  LOG KT    IAP/KT  LOG IAP/KT

   1 Calcite  4.273E-15 3.601E-09  -14.369   -8.444  1.187E-06   -5.926
   2 Aragonit 4.273E-15 5.073E-09  -14.369   -8.295  8.423E-07   -6.075
   3 Dolomite 2.713E-29 1.192E-17  -28.567  -16.924  2.276E-12  -11.643
   4 Siderite 2.120E-14 1.425E-11  -13.674  -10.846  1.488E-03   -2.827
   5 Rhodochr 5.764E-16 7.856E-12  -15.239  -11.105  7.337E-05   -4.134
   8 Gypsum   2.756E-05 2.618E-05   -4.560   -4.582  1.053E+00    0.022
   9 Anhydrit 2.771E-05 4.577E-05   -4.557   -4.339  6.055E-01   -0.218
  14 SiO2 (a) 1.778E-03 1.695E-03   -2.750   -2.771  1.049E+00    0.021
  15 Chalcedy 1.778E-03 2.320E-04   -2.750   -3.635  7.666E+00    0.885
  16 Quartz   1.778E-03 8.204E-05   -2.750   -4.086  2.168E+01    1.336
  17 Gibbs(c) 1.844E+07 3.249E+08    7.266    8.512  5.676E-02   -1.246
  18 Al(OH)3a 1.844E+07 1.849E+11    7.266   11.267  9.973E-05   -4.001
  19 Kaolinit 1.079E+09 1.141E+08    9.033    8.057  9.459E+00    0.976
  20 Albite   1.430E-23 3.480E-19  -22.845  -18.458  4.110E-05   -4.386
  21 Anorth   9.771E-34 1.208E-20  -33.010  -19.918  8.092E-14  -13.092
  24 Chlorite 1.126E+31 1.122E+71   31.052   71.050  1.004E-40  -39.998
  25 Ca-Mont  1.196E-47 8.796E-47  -46.922  -46.056  1.359E-01   -0.867
  26 Talc     7.127E+03 1.644E+22    3.853   22.216  4.335E-19  -18.363
  28 Chrysotl 2.247E+09 1.227E+33    9.352   33.089  1.832E-24  -23.737
  29 Sepiol c 4.452E+01 8.883E+15    1.649   15.949  5.011E-15  -14.300
  30 Sepiol d 4.452E+01 4.571E+18    1.649   18.660  9.740E-18  -17.011
  31 Hematite 8.597E+06 3.432E-04    6.934   -3.464  2.505E+10   10.399
  32 Goethite 2.928E+03 5.557E-02    3.467   -1.255  5.269E+04    4.722
  33 Fe(OH)3a 2.920E+03 7.780E+04    3.465    4.891  3.753E-02   -1.426
  38 Pyrolusi 1.882E+26 3.369E+42   26.275   42.527  5.588E-17  -16.253
  39 Hausmani 1.241E+34 6.362E+62   34.094   62.804  1.950E-29  -28.710
  40 Manganit 1.235E+15 2.188E+25   15.091   25.340  5.643E-11  -10.249
  41 Pyrochro 8.096E+03 1.585E+15    3.908   15.200  5.108E-12  -11.292
  42 PCO2     4.395E-03 4.158E-02   -2.357   -1.381  1.057E-01   -0.976
  44 H2 gas   3.270E-26 7.603E-04  -25.485   -3.119  4.301E-23  -22.366
  49 Melanter 1.349E-04 5.037E-03   -3.870   -2.298  2.678E-02   -1.572



1Pinal Cr pH 4-5, #402                                                           





                              ----------------
                              INITIAL SOLUTION
                              ----------------



          TEMPERATURE =  18.00 DEGREES C    PH =  4.270
          ANALYTICAL EPMCAT =   71.017    ANALYTICAL EPMAN =   78.895


     ***** OXIDATION - REDUCTION *****


 DISSOLVED OXYGEN =  0.019 MMOLES/KG H2O
 EH MEASURED WITH CALOMEL =  9.9000 VOLTS         FLAG CORALK PECALC IDAVES
 MEASURED EH OF ZOBELL SOLUTION =  9.9000 VOLTS     2    2      1      0
 CORRECTED EH =  0.4300 VOLTS
 PE COMPUTED FROM CORRECTED EH =   7.443




               *** TOTAL CONCENTRATIONS OF INPUT SPECIES ***

                         TOTAL             LOG TOTAL            TOTAL
        SPECIES        MOLALITY            MOLALITY           MG/LITRE
        -------        --------            --------           --------

        Ca+2      2.0  1.35447E-02           -1.8682         5.40000E+02
        Mg+2      2.0  7.85664E-03           -2.1048         1.90000E+02
        Na+       1.0  4.81018E-03           -2.3178         1.10000E+02
        Fe+2      2.0  9.72071E-03           -2.0123         5.40000E+02
        Mn+2      2.0  1.20775E-03           -2.9180         6.60000E+01
        Al+3      3.0  3.72596E-04           -3.4288         1.00000E+01
        H4SiO4    0.0  1.60624E-03           -2.7942         9.60000E+01
        Cl-      -1.0  3.96990E-03           -2.4012         1.40000E+02
        HCO3-    -1.0  4.69565E-03           -2.3283         2.85000E+02
        SO4-2    -2.0  3.45357E-02           -1.4617         3.30000E+03
        F-       -1.0  7.40824E-04           -3.1303         1.40000E+01
        DOX       0.0  1.88505E-05           -4.7247         6.00000E-01







 Pinal Cr pH 4-5, #402                                                           








                      ****DESCRIPTION OF SOLUTION ****

          ANALYT.   COMP.         PH           ACTIVITY H2O =  0.9988
 EPMCAT    71.02     44.75       4.270         PCO2=  1.137700E-01
 EPMAN     78.90     47.87                     LOG PCO2 =  -0.9440
                              TEMPERATURE      PO2 =  1.989536E-39
 EH = 0.4300  PE =   7.443     18.00 DEG C     PCH4 =  2.126026E-71
 PE CALC S =    0.000                          CO2 TOT =  4.695654E-03
 PE CALC DOX= 16.663         IONIC STRENGTH    DENSITY =   1.0000
 PE SATO DOX=  5.934          8.849292E-02     TDS =    5291.6MG/L
 TOT ALK = -6.158E-02 MEQ                      CARB ALK =  6.001E-02 MEQ
 ELECT   = -3.137E+00 MEQ                      CHARGE IMBALANCE =   -3.4%

 IN COMPUTING THE DISTRIBUTION OF SPECIES,
 PE =   7.443     EQUIVALENT EH =  0.430VOLTS





                         -----------------------
                         DISTRIBUTION OF SPECIES
                         -----------------------

  I  SPECIES         MOLALITY   ACTIVITY    LOG ACT    GAMMA

   1 H+       1.    6.4572E-05  5.3703E-05  -4.270  8.3168E-01
   2 E-      -1.    3.6039E-08  3.6039E-08  -7.443  1.0000E+00
   4 Ca+2     2.    8.2570E-03  3.3677E-03  -2.473  4.0786E-01
   5 Mg+2     2.    4.6379E-03  1.9622E-03  -2.707  4.2308E-01
   6 Na+      1.    4.6198E-03  3.6573E-03  -2.437  7.9165E-01
   8 Fe+2     2.    6.2603E-03  2.6143E-03  -2.583  4.1760E-01
   9 Mn+2     2.    7.7777E-04  3.2479E-04  -3.488  4.1760E-01
  10 Al+3     3.    7.7718E-07  1.4795E-07  -6.830  1.9037E-01
  13 H4SiO4   0.    1.6062E-03  1.6393E-03  -2.785  1.0206E+00
  14 Cl-     -1.    3.9508E-03  3.0618E-03  -2.514  7.7499E-01
  15 CO3-2   -2.    6.5538E-11  2.6468E-11 -10.577  4.0386E-01
  16 SO4-2   -2.    2.1934E-02  8.5802E-03  -2.067  3.9117E-01
  20 F-      -1.    2.2390E-05  1.7299E-05  -4.762  7.7262E-01
  28 DOX      0.    1.8850E-05  1.9238E-05  -4.716  1.0206E+00
  31 OH-     -1.    1.3910E-10  1.0747E-10  -9.969  7.7262E-01
  33 H2 AQ    0.    2.7905E-27  2.8480E-27 -26.545  1.0206E+00
  34 HCO3-   -1.    4.4372E-05  3.5373E-05  -4.451  7.9718E-01
  35 H2CO3    0.    4.6356E-03  4.7311E-03  -2.325  1.0206E+00
  40 HSO4-   -1.    4.8896E-05  3.8627E-05  -4.413  7.8997E-01
  69 HF AQ    0.    1.2058E-06  1.2306E-06  -5.910  1.0206E+00
  70 HF2-    -1.    9.7328E-11  7.6886E-11 -10.114  7.8997E-01
  75 CaOH+    1.    1.3158E-11  1.0395E-11 -10.983  7.8997E-01
  76 CaCO3    0.    1.2990E-10  1.3257E-10  -9.878  1.0206E+00
  77 CaHCO3+  1.    1.6839E-06  1.3424E-06  -5.872  7.9718E-01
  78 CaSO4    0.    5.2832E-03  5.3920E-03  -2.268  1.0206E+00
  79 CaHSO4   1.    2.2973E-06  1.8148E-06  -5.741  7.8997E-01
  83 CaF+     1.    5.4341E-07  4.2928E-07  -6.367  7.8997E-01
  85 MgOH+    1.    8.9092E-11  7.0380E-11 -10.153  7.8997E-01
  86 MgCO3    0.    4.3611E-11  4.4508E-11 -10.352  1.0206E+00
  87 MgHCO3+  1.    1.0017E-06  7.9136E-07  -6.102  7.8997E-01
  88 MgSO4    0.    3.2152E-03  3.2814E-03  -2.484  1.0206E+00
  92 MgF+     1.    2.4932E-06  1.9696E-06  -5.706  7.8997E-01
  93 NaOH     0.    4.4034E-13  4.4941E-13 -12.347  1.0206E+00
  94 NaCO3-  -1.    1.5894E-12  1.2556E-12 -11.901  7.8997E-01
  95 NaHCO3   0.    7.0597E-08  7.2050E-08  -7.142  1.0206E+00
  96 NaSO4-  -1.    1.9024E-04  1.5029E-04  -3.823  7.8997E-01
  98 NaF aq   0.    3.5672E-08  3.6406E-08  -7.439  1.0206E+00
 102 FeOH+    1.    1.1392E-08  8.9993E-09  -8.046  7.8997E-01
 105 FeCl+    1.    1.3987E-05  1.1049E-05  -4.957  7.8997E-01
 106 FeCO3    0.    1.6264E-09  1.6599E-09  -8.780  1.0206E+00
 107 FeHCO3+  1.    1.1594E-05  9.1587E-06  -5.038  7.8997E-01
 108 FeSO4    0.    3.4283E-03  3.4989E-03  -2.456  1.0206E+00
 109 FeHSO4+  1.    1.7834E-06  1.4088E-06  -5.851  7.8997E-01
 114 FeF+     1.    5.7248E-07  4.5225E-07  -6.345  7.8997E-01
 115 Fe+3     3.    2.4569E-08  4.6773E-09  -8.330  1.9037E-01
 117 FeOH+2   2.    9.4568E-07  3.6829E-07  -6.434  3.8945E-01
 118 FeOH2+   1.    2.1877E-06  1.7282E-06  -5.762  7.8997E-01
 119 FeOH3    0.    2.9685E-09  3.0296E-09  -8.519  1.0206E+00
 120 FeOH4-  -1.    4.8767E-14  3.8525E-14 -13.414  7.8997E-01
 121 Fe2OH2+4 4.    2.1342E-10  4.9095E-12 -11.309  2.3004E-02
 122 Fe3OH4+5 5.    1.2462E-12  3.4348E-15 -14.464  2.7562E-03
 123 FeCl+2   2.    8.8476E-10  3.4457E-10  -9.463  3.8945E-01
 124 FeCl2+   1.    7.4874E-12  5.9149E-12 -11.228  7.8997E-01
 125 FeCl3    0.    1.7745E-15  1.8110E-15 -14.742  1.0206E+00
 126 FeSO4+   1.    4.7530E-07  3.7548E-07  -6.425  7.8997E-01
 127 FeHSO4+2 2.    2.4079E-10  9.3775E-11 -10.028  3.8945E-01
 128 FeSO42- -1.    8.6758E-08  6.8536E-08  -7.164  7.8997E-01
 131 FeF+2    2.    2.9511E-07  1.1493E-07  -6.940  3.8945E-01
 132 FeF2+    1.    9.2008E-08  7.2684E-08  -7.139  7.8997E-01
 133 FeF3     0.    1.9056E-09  1.9448E-09  -8.711  1.0206E+00
 134 MnOH+    1.    1.0957E-10  8.6559E-11 -10.063  7.8997E-01
 136 MnCl+    1.    5.1283E-06  4.0512E-06  -5.392  7.8997E-01
 137 MnCl2    0.    5.3053E-09  5.4145E-09  -8.266  1.0206E+00
 138 MnCl3-  -1.    5.7799E-12  4.5660E-12 -11.340  7.8997E-01
 139 MnCO3    0.    6.6908E-10  6.8286E-10  -9.166  1.0206E+00
 140 MnHCO3+  1.    1.2837E-06  1.0141E-06  -5.994  7.8997E-01
 141 MnSO4    0.    4.2351E-04  4.3223E-04  -3.364  1.0206E+00
 143 MnF+     1.    4.9205E-08  3.8871E-08  -7.410  7.8997E-01
 144 Mn+3     3.    8.1591E-22  9.7758E-23 -22.010  1.1982E-01
 150 AlOH+2   2.    4.4208E-08  1.7217E-08  -7.764  3.8945E-01
 151 AlOH2+   1.    1.6798E-09  1.3270E-09  -8.877  7.8997E-01
 152 AlOH3    0.    2.0759E-12  2.1187E-12 -11.674  1.0206E+00
 153 AlOH4-  -1.    8.6702E-14  6.8492E-14 -13.164  7.8997E-01
 154 AlSO4+   1.    4.6308E-06  3.6582E-06  -5.437  7.8997E-01
 155 AlSO42- -1.    1.2153E-06  9.6009E-07  -6.018  7.8997E-01
 156 AlHSO4+2 2.    4.2007E-11  1.6360E-11 -10.786  3.8945E-01
 157 AlF+2    2.    6.2952E-05  2.4517E-05  -4.611  3.8945E-01
 158 AlF2+    1.    2.5921E-04  2.0477E-04  -3.689  7.8997E-01
 159 AlF3     0.    4.3377E-05  4.4270E-05  -4.354  1.0206E+00
 160 AlF4-   -1.    3.8531E-07  3.0439E-07  -6.517  7.8997E-01
 161 AlF5-2  -2.    2.1744E-10  8.4681E-11 -10.072  3.8945E-01
 162 AlF6-3  -3.    1.4098E-14  1.6891E-15 -14.772  1.1982E-01
 164 H3SiO4- -1.    4.4154E-09  3.4881E-09  -8.457  7.8997E-01
 165 H2SiO4-2-2.    7.0532E-18  2.7469E-18 -17.561  3.8945E-01
 166 SiF6-2  -2.    2.7602E-18  1.0750E-18 -17.969  3.8945E-01





      PHASE      IAP       KT      LOG IAP  LOG KT    IAP/KT  LOG IAP/KT

   1 Calcite  8.914E-14 3.601E-09  -13.050   -8.444  2.476E-05   -4.606
   2 Aragonit 8.914E-14 5.073E-09  -13.050   -8.295  1.757E-05   -4.755
   3 Dolomite 4.629E-27 1.192E-17  -26.334  -16.924  3.884E-10   -9.411
   4 Siderite 6.920E-14 1.425E-11  -13.160  -10.846  4.857E-03   -2.314
   5 Rhodochr 8.597E-15 7.856E-12  -14.066  -11.105  1.094E-03   -2.961
   8 Gypsum   2.883E-05 2.618E-05   -4.540   -4.582  1.101E+00    0.042
   9 Anhydrit 2.890E-05 4.577E-05   -4.539   -4.339  6.313E-01   -0.200
  13 Fluorite 1.008E-12 2.063E-11  -11.997  -10.686  4.885E-02   -1.311
  14 SiO2 (a) 1.643E-03 1.695E-03   -2.784   -2.771  9.692E-01   -0.014
  15 Chalcedy 1.643E-03 2.320E-04   -2.784   -3.635  7.084E+00    0.850
  16 Quartz   1.643E-03 8.204E-05   -2.784   -4.086  2.003E+01    1.302
  17 Gibbs(c) 9.519E+05 3.249E+08    5.979    8.512  2.929E-03   -2.533
  18 Al(OH)3a 9.519E+05 1.849E+11    5.979   11.267  5.147E-06   -5.288
  19 Kaolinit 2.449E+06 1.141E+08    6.389    8.057  2.148E-02   -1.668
  20 Albite   1.114E-24 3.480E-19  -23.953  -18.458  3.201E-06   -5.495
  21 Anorth   4.286E-35 1.208E-20  -34.368  -19.918  3.549E-15  -14.450
  24 Chlorite 5.903E+32 1.122E+71   32.771   71.050  5.263E-39  -38.279
  25 Ca-Mont  1.456E-50 8.796E-47  -49.837  -46.056  1.655E-04   -3.781
  26 Talc     2.285E+06 1.644E+22    6.359   22.216  1.390E-16  -15.857
  28 Chrysotl 8.454E+11 1.227E+33   11.927   33.089  6.890E-22  -21.162
  29 Sepiol c 2.040E+03 8.883E+15    3.310   15.949  2.297E-13  -12.639
  30 Sepiol d 2.040E+03 4.571E+18    3.310   18.660  4.464E-16  -15.350
  31 Hematite 9.087E+08 3.432E-04    8.958   -3.464  2.648E+12   12.423
  32 Goethite 3.013E+04 5.557E-02    4.479   -1.255  5.422E+05    5.734
  33 Fe(OH)3a 3.009E+04 7.780E+04    4.478    4.891  3.868E-01   -0.413
  38 Pyrolusi 2.999E+28 3.369E+42   28.477   42.527  8.904E-15  -14.050
  39 Hausmani 3.795E+38 6.362E+62   38.579   62.804  5.965E-25  -24.224
  40 Manganit 5.805E+16 2.188E+25   16.764   25.340  2.653E-09   -8.576
  41 Pyrochro 1.124E+05 1.585E+15    5.051   15.200  7.089E-11  -10.149
  42 PCO2     4.731E-03 4.158E-02   -2.325   -1.381  1.138E-01   -0.944
  44 H2 gas   2.848E-27 7.603E-04  -26.545   -3.119  3.746E-24  -23.426
  49 Melanter 2.225E-05 5.037E-03   -4.653   -2.298  4.417E-03   -2.355



1Madison.Recharge #3                                                             





                              ----------------
                              INITIAL SOLUTION
                              ----------------



          TEMPERATURE =   9.90 DEGREES C    PH =  7.550
          ANALYTICAL EPMCAT =    4.460    ANALYTICAL EPMAN =    4.639


     ***** OXIDATION - REDUCTION *****


 DISSOLVED OXYGEN =  0.000 MMOLES/KG H2O
 EH MEASURED WITH CALOMEL =  9.9000 VOLTS         FLAG CORALK PECALC IDAVES
 MEASURED EH OF ZOBELL SOLUTION =  9.9000 VOLTS     4    2      1      0
 CORRECTED EH =  0.0000 VOLTS
 PE COMPUTED FROM CORRECTED EH =   0.000




               *** TOTAL CONCENTRATIONS OF INPUT SPECIES ***

                         TOTAL             LOG TOTAL            TOTAL
        SPECIES        MOLALITY            MOLALITY           MG/LITRE
        -------        --------            --------           --------

        Ca+2      2.0  1.20000E-03           -2.9208         4.80791E+01
        Mg+2      2.0  1.01000E-03           -2.9957         2.45465E+01
        Na+       1.0  2.00000E-05           -4.6990         4.59634E-01
        K+        1.0  2.00000E-05           -4.6990         7.81764E-01
        Fe+2      2.0  1.00000E-06           -6.0000         5.58273E-02
        Cl-      -1.0  2.00000E-05           -4.6990         7.08810E-01
        HCO3-    -1.0  4.30000E-03           -2.3665         2.62282E+02
        SO4-2    -2.0  1.60000E-04           -3.7959         1.53644E+01







 Madison.Recharge #3                                                             








                      ****DESCRIPTION OF SOLUTION ****

          ANALYT.   COMP.         PH           ACTIVITY H2O =  0.9999
 EPMCAT     4.46      4.34       7.550         PCO2=  5.510706E-03
 EPMAN      4.64      4.23                     LOG PCO2 =  -2.2588
                              TEMPERATURE      PO2 =  4.876265E-59
 EH = 0.0000  PE =   0.000      9.90 DEG C     PCH4 =  3.945046E-38
 PE CALC S =    0.000                          CO2 TOT =  4.300000E-03
 PE CALC DOX=  0.000         IONIC STRENGTH    DENSITY =   1.0000
 PE SATO DOX=  0.000          6.543742E-03     TDS =     352.3MG/L
 TOT ALK =  4.016E+00 MEQ                      CARB ALK =  4.016E+00 MEQ
 ELECT   =  1.061E-01 MEQ                      CHARGE IMBALANCE =    1.2%

 IN COMPUTING THE DISTRIBUTION OF SPECIES,
 PE =   0.000     EQUIVALENT EH =  0.000VOLTS





                         -----------------------
                         DISTRIBUTION OF SPECIES
                         -----------------------

  I  SPECIES         MOLALITY   ACTIVITY    LOG ACT    GAMMA

   1 H+       1.    3.0381E-08  2.8184E-08  -7.550  9.2768E-01
   2 E-      -1.    1.0000E+00  1.0000E+00   0.000  1.0000E+00
   4 Ca+2     2.    1.1511E-03  8.3105E-04  -3.080  7.2195E-01
   5 Mg+2     2.    9.6620E-04  7.0057E-04  -3.155  7.2507E-01
   6 Na+      1.    1.9955E-05  1.8367E-05  -4.736  9.2044E-01
   7 K+       1.    1.9990E-05  1.8364E-05  -4.736  9.1868E-01
   8 Fe+2     2.    7.3697E-07  5.3472E-07  -6.272  7.2557E-01
  14 Cl-     -1.    2.0000E-05  1.8374E-05  -4.736  9.1868E-01
  15 CO3-2   -2.    5.7686E-06  4.1669E-06  -5.380  7.2235E-01
  16 SO4-2   -2.    1.3545E-04  9.7486E-05  -4.011  7.1973E-01
  31 OH-     -1.    1.1200E-07  1.0286E-07  -6.988  9.1847E-01
  33 H2 AQ    0.    6.5785E-19  6.5885E-19 -18.181  1.0015E+00
  34 HCO3-   -1.    3.9289E-03  3.6220E-03  -2.441  9.2191E-01
  35 H2CO3    0.    2.9694E-04  2.9739E-04  -3.527  1.0015E+00
  40 HSO4-   -1.    2.1351E-10  1.9637E-10  -9.707  9.1971E-01
  75 CaOH+    1.    5.3202E-09  4.8930E-09  -8.310  9.1971E-01
  76 CaCO3    0.    4.7221E-06  4.7292E-06  -5.325  1.0015E+00
  77 CaHCO3+  1.    3.0251E-05  2.7889E-05  -4.555  9.2191E-01
  78 CaSO4    0.    1.3912E-05  1.3933E-05  -4.856  1.0015E+00
  79 CaHSO4   1.    2.9035E-12  2.6704E-12 -11.573  9.1971E-01
  85 MgOH+    1.    2.4101E-08  2.2166E-08  -7.654  9.1971E-01
  86 MgCO3    0.    2.2057E-06  2.2091E-06  -5.656  1.0015E+00
  87 MgHCO3+  1.    3.0955E-05  2.8469E-05  -4.546  9.1971E-01
  88 MgSO4    0.    1.0612E-05  1.0628E-05  -4.974  1.0015E+00
  93 NaOH     0.    4.2988E-12  4.3052E-12 -11.366  1.0015E+00
  94 NaCO3-  -1.    6.9469E-10  6.3892E-10  -9.195  9.1971E-01
  95 NaHCO3   0.    3.5601E-08  3.5654E-08  -7.448  1.0015E+00
  96 NaSO4-  -1.    8.8215E-09  8.1132E-09  -8.091  9.1971E-01
  99 KOH      0.    2.2556E-12  2.2590E-12 -11.646  1.0015E+00
 100 KSO4-   -1.    1.0363E-08  9.5306E-09  -8.021  9.1971E-01
 102 FeOH+    1.    1.9872E-09  1.8277E-09  -8.738  9.1971E-01
 105 FeCl+    1.    1.4746E-11  1.3562E-11 -10.868  9.1971E-01
 106 FeCO3    0.    5.3369E-08  5.3450E-08  -7.272  1.0015E+00
 107 FeHCO3+  1.    2.0070E-07  1.8458E-07  -6.734  9.1971E-01
 108 FeSO4    0.    6.9201E-09  6.9305E-09  -8.159  1.0015E+00
 109 FeHSO4+  1.    1.8682E-15  1.7182E-15 -14.765  9.1971E-01
 115 Fe+3     3.    4.1977E-20  2.1360E-20 -19.670  5.0884E-01
 117 FeOH+2   2.    2.6808E-15  1.9181E-15 -14.717  7.1550E-01
 118 FeOH2+   1.    1.3402E-11  1.2326E-11 -10.909  9.1971E-01
 119 FeOH3    0.    2.8120E-11  2.8162E-11 -10.550  1.0015E+00
 120 FeOH4-  -1.    5.2279E-13  4.8081E-13 -12.318  9.1971E-01
 121 Fe2OH2+4 4.    7.2906E-28  1.9107E-28 -27.719  2.6208E-01
 122 Fe3OH4+5 5.    1.7303E-35  2.1351E-36 -35.671  1.2339E-01
 123 FeCl+2   2.    1.0005E-23  7.1583E-24 -23.145  7.1550E-01
 124 FeCl2+   1.    1.0576E-27  9.7271E-28 -27.012  9.1971E-01
 125 FeCl3    0.    1.7845E-33  1.7872E-33 -32.748  1.0015E+00
 126 FeSO4+   1.    1.7458E-20  1.6056E-20 -19.794  9.1971E-01
 127 FeHSO4+2 2.    5.7606E-27  4.1216E-27 -26.385  7.1550E-01
 128 FeSO42- -1.    3.4991E-23  3.2182E-23 -22.492  9.1971E-01





      PHASE      IAP       KT      LOG IAP  LOG KT    IAP/KT  LOG IAP/KT

   1 Calcite  3.463E-09 3.889E-09   -8.461   -8.410  8.904E-01   -0.050
   2 Aragonit 3.463E-09 5.560E-09   -8.461   -8.255  6.228E-01   -0.206
   3 Dolomite 1.011E-17 1.901E-17  -16.995  -16.721  5.318E-01   -0.274
   4 Siderite 2.228E-12 1.611E-11  -11.652  -10.793  1.383E-01   -0.859
   8 Gypsum   8.100E-08 2.561E-05   -7.092   -4.592  3.163E-03   -2.500
   9 Anhydrit 8.102E-08 4.615E-05   -7.091   -4.336  1.755E-03   -2.756
  31 Hematite 9.100E+05 1.578E-03    5.959   -2.802  5.766E+08    8.761
  32 Goethite 9.539E+02 2.715E-02    2.980   -1.566  3.513E+04    4.546
  33 Fe(OH)3a 9.538E+02 7.780E+04    2.979    4.891  1.226E-02   -1.912
  42 PCO2     2.974E-04 5.396E-02   -3.527   -1.268  5.511E-03   -2.259
  44 H2 gas   6.588E-19 8.294E-04  -18.181   -3.081  7.943E-16  -15.100
  49 Melanter 5.209E-11 3.878E-03  -10.283   -2.411  1.343E-08   -7.872
  51 K-Jarosi 3.391E-27 1.031E-08  -26.470   -7.987  3.290E-19  -18.483



1Madison.Mysse                                                                   





                              ----------------
                              INITIAL SOLUTION
                              ----------------



          TEMPERATURE =  63.00 DEGREES C    PH =  6.610
          ANALYTICAL EPMCAT =   65.784    ANALYTICAL EPMAN =   64.418


     ***** OXIDATION - REDUCTION *****


 DISSOLVED OXYGEN =  0.000 MMOLES/KG H2O
 EH MEASURED WITH CALOMEL =  9.9000 VOLTS         FLAG CORALK PECALC IDAVES
 MEASURED EH OF ZOBELL SOLUTION =  9.9000 VOLTS     4    2      4      0
 CORRECTED EH =  9.9000 VOLTS
 PE COMPUTED FROM CORRECTED EH = 100.000




               *** TOTAL CONCENTRATIONS OF INPUT SPECIES ***

                         TOTAL             LOG TOTAL            TOTAL
        SPECIES        MOLALITY            MOLALITY           MG/LITRE
        -------        --------            --------           --------

        Ca+2      2.0  1.12800E-02           -1.9477         4.50138E+02
        Mg+2      2.0  4.54000E-03           -2.3429         1.09897E+02
        Na+       1.0  3.18900E-02           -1.4963         7.29960E+02
        K+        1.0  2.54000E-03           -2.5952         9.88876E+01
        Fe+2      2.0  4.00000E-07           -6.3979         2.22418E-02
        Cl-      -1.0  1.78500E-02           -1.7484         6.30087E+02
        HCO3-    -1.0  6.87000E-03           -2.1630         4.17368E+02
        SO4-2    -2.0  1.98600E-02           -1.7020         1.89950E+03
        HS-      -1.0  2.59000E-04           -3.5867         8.26747E+00







 Madison.Mysse                                                                   








                      ****DESCRIPTION OF SOLUTION ****

          ANALYT.   COMP.         PH           ACTIVITY H2O =  0.9985
 EPMCAT    65.78     52.02       6.610         PCO2=  1.156567E-01
 EPMAN     64.42     48.79                     LOG PCO2 =  -0.9368
                              TEMPERATURE      PO2 =  1.689775E-60
 EH = 9.9000  PE =  -3.655     63.00 DEG C     PCH4 =  2.046619E-07
 PE CALC S =   -3.655                          CO2 TOT =  6.870000E-03
 PE CALC DOX=  0.000         IONIC STRENGTH    DENSITY =   1.0000
 PE SATO DOX=  0.000          7.253775E-02     TDS =    4344.1MG/L
 TOT ALK =  5.255E+00 MEQ                      CARB ALK =  5.106E+00 MEQ
 ELECT   =  3.246E+00 MEQ                      CHARGE IMBALANCE =    3.2%

 IN COMPUTING THE DISTRIBUTION OF SPECIES,
 PE =  -3.655     EQUIVALENT EH = -0.244VOLTS





                         -----------------------
                         DISTRIBUTION OF SPECIES
                         -----------------------

  I  SPECIES         MOLALITY   ACTIVITY    LOG ACT    GAMMA

   1 H+       1.    2.9619E-07  2.4547E-07  -6.610  8.2876E-01
   2 E-      -1.    4.5224E+03  4.5224E+03   3.655  1.0000E+00
   4 Ca+2     2.    7.2114E-03  2.9011E-03  -2.537  4.0230E-01
   5 Mg+2     2.    2.1103E-03  8.7843E-04  -3.056  4.1626E-01
   6 Na+      1.    3.0905E-02  2.4370E-02  -1.613  7.8856E-01
   7 K+       1.    2.3940E-03  1.8530E-03  -2.732  7.7403E-01
   8 Fe+2     2.    6.0405E-08  2.4974E-08  -7.603  4.1345E-01
  14 Cl-     -1.    1.7850E-02  1.3816E-02  -1.860  7.7403E-01
  15 CO3-2   -2.    2.7818E-06  1.1138E-06  -5.953  4.0037E-01
  16 SO4-2   -2.    1.2592E-02  4.8953E-03  -2.310  3.8875E-01
  25 HS-     -1.    1.4760E-04  1.1396E-04  -3.943  7.7209E-01
  31 OH-     -1.    5.7238E-07  4.4193E-07  -6.355  7.7209E-01
  33 H2 AQ    0.    6.1338E-10  6.2371E-10  -9.205  1.0168E+00
  34 HCO3-   -1.    4.7182E-03  3.7531E-03  -2.426  7.9545E-01
  35 H2CO3    0.    1.7873E-03  1.8174E-03  -2.741  1.0168E+00
  40 HSO4-   -1.    3.7930E-07  2.9819E-07  -6.526  7.8616E-01
  41 S-2     -2.    1.4415E-09  5.6415E-10  -9.249  3.9136E-01
  43 H2S      0.    1.1082E-04  1.1268E-04  -3.948  1.0168E+00
  75 CaOH+    1.    2.4912E-09  1.9585E-09  -8.708  7.8616E-01
  76 CaCO3    0.    1.5637E-05  1.5900E-05  -4.799  1.0168E+00
  77 CaHCO3+  1.    2.3521E-04  1.8710E-04  -3.728  7.9545E-01
  78 CaSO4    0.    3.8178E-03  3.8821E-03  -2.411  1.0168E+00
  79 CaHSO4   1.    5.1860E-09  4.0770E-09  -8.390  7.8616E-01
  85 MgOH+    1.    3.2326E-07  2.5413E-07  -6.595  7.8616E-01
  86 MgCO3    0.    1.6457E-06  1.6735E-06  -5.776  1.0168E+00
  87 MgHCO3+  1.    6.5882E-05  5.1794E-05  -4.286  7.8616E-01
  88 MgSO4    0.    2.3619E-03  2.4016E-03  -2.619  1.0168E+00
  93 NaOH     0.    6.4411E-10  6.5496E-10  -9.184  1.0168E+00
  94 NaCO3-  -1.    3.5192E-06  2.7667E-06  -5.558  7.8616E-01
  95 NaHCO3   0.    3.9840E-05  4.0511E-05  -4.392  1.0168E+00
  96 NaSO4-  -1.    9.4174E-04  7.4036E-04  -3.131  7.8616E-01
  99 KOH      0.    2.5703E-11  2.6136E-11 -10.583  1.0168E+00
 100 KSO4-   -1.    1.4598E-04  1.1476E-04  -3.940  7.8616E-01
 102 FeOH+    1.    5.0714E-10  3.9869E-10  -9.399  7.8616E-01
 105 FeCl+    1.    6.0586E-10  4.7631E-10  -9.322  7.8616E-01
 106 FeCO3    0.    6.5618E-10  6.6723E-10  -9.176  1.0168E+00
 107 FeHCO3+  1.    9.3906E-09  7.3825E-09  -8.132  7.8616E-01
 108 FeSO4    0.    3.9597E-08  4.0264E-08  -7.395  1.0168E+00
 109 FeHSO4+  1.    4.4643E-14  3.5097E-14 -13.455  7.8616E-01
 110 Fe(HS)2  0.    2.8428E-07  2.8906E-07  -6.539  1.0168E+00
 111 Fe(HS)3--1.    4.5628E-09  3.5871E-09  -8.445  7.8616E-01
 115 Fe+3     3.    1.8130E-23  3.3438E-24 -23.476  1.8443E-01
 117 FeOH+2   2.    1.6723E-18  6.3880E-19 -18.195  3.8198E-01
 118 FeOH2+   1.    3.9300E-15  3.0896E-15 -14.510  7.8616E-01
 119 FeOH3    0.    6.9190E-15  7.0356E-15 -14.153  1.0168E+00
 120 FeOH4-  -1.    1.2867E-16  1.0115E-16 -15.995  7.8616E-01
 121 Fe2OH2+4 4.    1.2813E-34  2.7279E-36 -35.564  2.1290E-02
 123 FeCl+2   2.    1.0632E-23  4.0613E-24 -23.391  3.8198E-01
 124 FeCl2+   1.    1.0953E-25  8.6105E-26 -25.065  7.8616E-01
 125 FeCl3    0.    1.1700E-28  1.1897E-28 -27.925  1.0168E+00
 126 FeSO4+   1.    4.8139E-22  3.7845E-22 -21.422  7.8616E-01
 127 FeHSO4+2 2.    4.8736E-29  1.8617E-29 -28.730  3.8198E-01
 128 FeSO42- -1.    5.8810E-23  4.6234E-23 -22.335  7.8616E-01





      PHASE      IAP       KT      LOG IAP  LOG KT    IAP/KT  LOG IAP/KT

   1 Calcite  3.231E-09 1.621E-09   -8.491   -8.790  1.993E+00    0.299
   2 Aragonit 3.231E-09 2.135E-09   -8.491   -8.671  1.513E+00    0.180
   3 Dolomite 3.161E-18 1.343E-18  -17.500  -17.872  2.354E+00    0.372
   4 Siderite 2.781E-14 8.026E-12  -13.556  -11.096  3.466E-03   -2.460
   8 Gypsum   1.416E-05 2.162E-05   -4.849   -4.665  6.550E-01   -0.184
   9 Anhydrit 1.420E-05 1.941E-05   -4.848   -4.712  7.315E-01   -0.136
  31 Hematite 5.088E-08 2.730E-07   -7.293   -6.564  1.864E-01   -0.730
  32 Goethite 2.254E-04 1.584E+00   -3.647    0.200  1.423E-04   -3.847
  33 Fe(OH)3a 2.251E-04 7.780E+04   -3.648    4.891  2.893E-09   -8.539
  34 Pyrite   2.632E-10 2.866E-18   -9.580  -17.543  9.181E+07    7.963
  35 FeS ppt  1.159E-05 1.216E-04   -4.936   -3.915  9.533E-02   -1.021
  36 Mackinit 1.159E-05 2.249E-05   -4.936   -4.648  5.155E-01   -0.288
  42 PCO2     1.817E-03 1.571E-02   -2.741   -1.804  1.157E-01   -0.937
  44 H2 gas   6.237E-10 5.061E-04   -9.205   -3.296  1.232E-06   -5.909
  46 H2S gas  1.127E-04 4.210E-02   -3.948   -1.376  2.676E-03   -2.572
  49 Melanter 1.210E-10 1.408E-02   -9.917   -1.851  8.591E-09   -8.066
  51 K-Jarosi 7.521E-39 1.578E-12  -38.124  -11.802  4.767E-27  -26.322



1Bemidjii Site AA                                                                





                              ----------------
                              INITIAL SOLUTION
                              ----------------



          TEMPERATURE =  10.00 DEGREES C    PH =  6.780
          ANALYTICAL EPMCAT =   12.640    ANALYTICAL EPMAN =   17.161


     ***** OXIDATION - REDUCTION *****


 DISSOLVED OXYGEN =  0.000 MMOLES/KG H2O
 EH MEASURED WITH CALOMEL =  9.9000 VOLTS         FLAG CORALK PECALC IDAVES
 MEASURED EH OF ZOBELL SOLUTION =  9.9000 VOLTS     4    2      1      0
 CORRECTED EH = -0.1500 VOLTS
 PE COMPUTED FROM CORRECTED EH =  -2.670




               *** TOTAL CONCENTRATIONS OF INPUT SPECIES ***

                         TOTAL             LOG TOTAL            TOTAL
        SPECIES        MOLALITY            MOLALITY           MG/LITRE
        -------        --------            --------           --------

        Ca+2      2.0  3.32200E-03           -2.4786         1.32956E+02
        Mg+2      2.0  1.77000E-03           -2.7520         4.29708E+01
        Na+       1.0  1.35000E-04           -3.8697         3.09919E+00
        K+        1.0  1.69000E-04           -3.7721         6.59881E+00
        Fe+2      2.0  1.05500E-03           -2.9767         5.88345E+01
        Mn+2      2.0  1.60000E-05           -4.7959         8.77754E-01
        H4SiO4    0.0  1.01800E-03           -2.9923         6.10790E+01
        Cl-      -1.0  9.00000E-06           -5.0458         3.18622E-01
        HCO3-    -1.0  1.71650E-02           -1.7654         1.04587E+03
        SO4-2    -2.0  5.00000E-06           -5.3010         4.79623E-01
        NH4+      1.0  2.80000E-05           -4.5528         3.91628E-01
        N2        0.0  1.40000E-04           -3.8539         1.95814E+00
        HS-      -1.0  1.00000E-06           -6.0000         3.20142E-02
        CH4 AQ    0.0  1.35300E-03           -2.8687         2.16749E+01
        DOC       0.0  4.17100E-03           -2.3798         5.00264E+01







 Bemidjii Site AA                                                                








                      ****DESCRIPTION OF SOLUTION ****

          ANALYT.   COMP.         PH           ACTIVITY H2O =  0.9995
 EPMCAT    12.64     11.82       6.780         PCO2=  9.123480E-02
 EPMAN     17.16     11.49                     LOG PCO2 =  -1.0398
                              TEMPERATURE      PO2 =  9.245257E-73
 EH = -.1500  PE =  -2.670     10.00 DEG C     PCH4 =  2.079011E-09
 PE CALC S =   -2.960                          CO2 TOT =  1.716500E-02
 PE CALC DOX=  0.000         IONIC STRENGTH    DENSITY =   1.0000
 PE SATO DOX=  0.000          1.705733E-02     TDS =    1427.2MG/L
 TOT ALK =  1.231E+01 MEQ                      CARB ALK =  1.231E+01 MEQ
 ELECT   =  3.313E-01 MEQ                      CHARGE IMBALANCE =    1.4%

 IN COMPUTING THE DISTRIBUTION OF SPECIES,
 PE =  -2.670     EQUIVALENT EH = -0.150VOLTS





                         -----------------------
                         DISTRIBUTION OF SPECIES
                         -----------------------

  I  SPECIES         MOLALITY   ACTIVITY    LOG ACT    GAMMA

   1 H+       1.    1.8496E-07  1.6596E-07  -6.780  8.9725E-01
   2 E-      -1.    4.6756E+02  4.6756E+02   2.670  1.0000E+00
   4 Ca+2     2.    3.1122E-03  1.9101E-03  -2.719  6.1375E-01
   5 Mg+2     2.    1.6367E-03  1.0145E-03  -2.994  6.1986E-01
   6 Na+      1.    1.3435E-04  1.1854E-04  -3.926  8.8230E-01
   7 K+       1.    1.6900E-04  1.4840E-04  -3.829  8.7814E-01
   8 Fe+2     2.    6.1596E-04  3.8196E-04  -3.418  6.2011E-01
   9 Mn+2     2.    9.3767E-06  5.8146E-06  -5.235  6.2011E-01
  13 H4SiO4   0.    1.0174E-03  1.0214E-03  -2.991  1.0039E+00
  14 Cl-     -1.    8.9951E-06  7.8989E-06  -5.102  8.7814E-01
  15 CO3-2   -2.    3.2448E-06  1.9923E-06  -5.701  6.1398E-01
  16 SO4-2   -2.    3.7653E-06  2.2924E-06  -5.640  6.0883E-01
  23 NH4+     1.    2.7972E-05  2.4426E-05  -4.612  8.7322E-01
  24 N2       0.    1.4000E-04  1.4055E-04  -3.852  1.0039E+00
  25 HS-     -1.    3.0423E-07  2.6699E-07  -6.573  8.7762E-01
  26 CH4 AQ   0.    1.3530E-03  1.3583E-03  -2.867  1.0039E+00
  27 DOC      0.    4.1710E-03  4.1874E-03  -2.378  1.0039E+00
  31 OH-     -1.    2.0075E-08  1.7618E-08  -7.754  8.7762E-01
  33 H2 AQ    0.    4.9690E-12  4.9886E-12 -11.302  1.0039E+00
  34 HCO3-   -1.    1.1486E-02  1.0168E-02  -1.993  8.8519E-01
  35 H2CO3    0.    4.8874E-03  4.9067E-03  -2.309  1.0039E+00
  40 HSO4-   -1.    3.0925E-11  2.7242E-11 -10.565  8.8090E-01
  41 S-2     -2.    1.0801E-13  6.5863E-14 -13.181  6.0979E-01
  43 H2S      0.    6.4743E-07  6.4997E-07  -6.187  1.0039E+00
  50 NH3 AQ   0.    2.7317E-08  2.7425E-08  -7.562  1.0039E+00
  52 NH4SO4- -1.    8.1886E-10  7.2134E-10  -9.142  8.8090E-01
  75 CaOH+    1.    2.1673E-09  1.9092E-09  -8.719  8.8090E-01
  76 CaCO3    0.    5.1799E-06  5.2003E-06  -5.284  1.0039E+00
  77 CaHCO3+  1.    2.0385E-04  1.8045E-04  -3.744  8.8519E-01
  78 CaSO4    0.    7.5089E-07  7.5385E-07  -6.123  1.0039E+00
  79 CaHSO4   1.    9.6478E-13  8.4987E-13 -12.071  8.8090E-01
  85 MgOH+    1.    6.2468E-09  5.5029E-09  -8.259  8.8090E-01
  86 MgCO3    0.    1.5259E-06  1.5319E-06  -5.815  1.0039E+00
  87 MgHCO3+  1.    1.3140E-04  1.1575E-04  -3.936  8.8090E-01
  88 MgSO4    0.    3.6155E-07  3.6298E-07  -6.440  1.0039E+00
  93 NaOH     0.    4.6983E-12  4.7168E-12 -11.326  1.0039E+00
  94 NaCO3-  -1.    2.2506E-09  1.9825E-09  -8.703  8.8090E-01
  95 NaHCO3   0.    6.4385E-07  6.4638E-07  -6.190  1.0039E+00
  96 NaSO4-  -1.    1.3987E-09  1.2322E-09  -8.909  8.8090E-01
  99 KOH      0.    3.0869E-12  3.0990E-12 -11.509  1.0039E+00
 100 KSO4-   -1.    2.0600E-09  1.8146E-09  -8.741  8.8090E-01
 102 FeOH+    1.    2.5369E-07  2.2347E-07  -6.651  8.8090E-01
 105 FeCl+    1.    4.7278E-09  4.1647E-09  -8.380  8.8090E-01
 106 FeCO3    0.    1.8183E-05  1.8254E-05  -4.739  1.0039E+00
 107 FeHCO3+  1.    4.2046E-04  3.7038E-04  -3.431  8.8090E-01
 108 FeSO4    0.    1.1619E-07  1.1665E-07  -6.933  1.0039E+00
 109 FeHSO4+  1.    1.9293E-13  1.6995E-13 -12.770  8.8090E-01
 110 Fe(HS)2  0.    2.4173E-08  2.4268E-08  -7.615  1.0039E+00
 111 Fe(HS)3--1.    8.0095E-13  7.0556E-13 -12.151  8.8090E-01
 115 Fe+3     3.    8.7115E-20  3.2832E-20 -19.484  3.7688E-01
 117 FeOH+2   2.    8.3660E-16  5.0377E-16 -15.298  6.0216E-01
 118 FeOH2+   1.    6.2649E-13  5.5188E-13 -12.258  8.8090E-01
 119 FeOH3    0.    2.1425E-13  2.1509E-13 -12.667  1.0039E+00
 120 FeOH4-  -1.    7.1084E-16  6.2618E-16 -15.203  8.8090E-01
 121 Fe2OH2+4 4.    9.9789E-29  1.3120E-29 -28.882  1.3148E-01
 122 Fe3OH4+5 5.    1.5471E-37  6.4972E-39 -38.187  4.1995E-02
 123 FeCl+2   2.    7.8831E-24  4.7469E-24 -23.324  6.0216E-01
 124 FeCl2+   1.    3.1369E-28  2.7633E-28 -27.559  8.8090E-01
 125 FeCl3    0.    2.1742E-34  2.1827E-34 -33.661  1.0039E+00
 126 FeSO4+   1.    6.6044E-22  5.8178E-22 -21.235  8.8090E-01
 127 FeHSO4+2 2.    1.4480E-27  8.7193E-28 -27.060  6.0216E-01
 128 FeSO42- -1.    3.1141E-26  2.7432E-26 -25.562  8.8090E-01
 134 MnOH+    1.    2.8197E-10  2.4839E-10  -9.605  8.8090E-01
 136 MnCl+    1.    2.1240E-10  1.8710E-10  -9.728  8.8090E-01
 137 MnCl2    0.    6.4261E-16  6.4514E-16 -15.190  1.0039E+00
 138 MnCl3-  -1.    1.5933E-21  1.4035E-21 -20.853  8.8090E-01
 139 MnCO3    0.    9.1656E-07  9.2017E-07  -6.036  1.0039E+00
 140 MnHCO3+  1.    5.7045E-06  5.0251E-06  -5.299  8.8090E-01
 141 MnSO4    0.    1.7468E-09  1.7537E-09  -8.756  1.0039E+00
 144 Mn+3     3.    1.1981E-34  3.8267E-35 -34.417  3.1941E-01
 164 H3SiO4- -1.    5.7865E-07  5.0973E-07  -6.293  8.8090E-01
 165 H2SiO4-2-2.    1.1918E-13  7.1763E-14 -13.144  6.0216E-01





      PHASE      IAP       KT      LOG IAP  LOG KT    IAP/KT  LOG IAP/KT

   1 Calcite  3.805E-09 3.886E-09   -8.420   -8.410  9.792E-01   -0.009
   2 Aragonit 3.805E-09 5.555E-09   -8.420   -8.255  6.851E-01   -0.164
   3 Dolomite 7.692E-18 1.890E-17  -17.114  -16.724  4.070E-01   -0.390
   4 Siderite 7.610E-10 1.608E-11   -9.119  -10.794  4.732E+01    1.675
   5 Rhodochr 1.158E-11 8.424E-12  -10.936  -11.074  1.375E+00    0.138
   8 Gypsum   4.374E-09 2.562E-05   -8.359   -4.591  1.708E-04   -3.768
   9 Anhydrit 4.379E-09 4.617E-05   -8.359   -4.336  9.485E-05   -4.023
  14 SiO2 (a) 1.022E-03 1.440E-03   -2.990   -2.842  7.101E-01   -0.149
  15 Chalcedy 1.022E-03 1.842E-04   -2.990   -3.735  5.551E+00    0.744
  16 Quartz   1.022E-03 6.124E-05   -2.990   -4.213  1.670E+01    1.223
  26 Talc     5.451E+19 1.581E+23   19.737   23.199  3.448E-04   -3.462
  28 Chrysotl 5.212E+25 1.430E+34   25.717   34.155  3.646E-09   -8.438
  29 Sepiol c 1.446E+12 1.498E+16   12.160   16.175  9.655E-05   -4.015
  30 Sepiol d 1.446E+12 4.571E+18   12.160   18.660  3.164E-07   -6.500
  31 Hematite 5.152E+01 1.548E-03    1.712   -2.810  3.328E+04    4.522
  32 Goethite 7.176E+00 2.740E-02    0.856   -1.562  2.619E+02    2.418
  33 Fe(OH)3a 7.172E+00 7.780E+04    0.856    4.891  9.218E-05   -4.035
  34 Pyrite   4.522E-09 1.208E-19   -8.345  -18.918  3.742E+10   10.573
  35 FeS ppt  6.145E-04 1.216E-04   -3.211   -3.915  5.053E+00    0.704
  36 Mackinit 6.145E-04 2.249E-05   -3.211   -4.648  2.732E+01    1.437
  38 Pyrolusi 3.503E+16 8.097E+43   16.544   43.908  4.326E-28  -27.364
  39 Hausmani 1.560E+33 8.670E+64   33.193   64.938  1.799E-32  -31.745
  40 Manganit 2.718E+12 2.188E+25   12.434   25.340  1.242E-13  -12.906
  41 Pyrochro 2.109E+08 1.585E+15    8.324   15.200  1.331E-07   -6.876
  42 PCO2     4.907E-03 5.378E-02   -2.309   -1.269  9.123E-02   -1.040
  44 H2 gas   4.989E-12 8.285E-04  -11.302   -3.082  6.021E-09   -8.220
  45 N2 gas   1.406E-04 6.205E-04   -3.852   -3.207  2.265E-01   -0.645
  46 H2S gas  6.500E-07 1.515E-01   -6.187   -0.820  4.290E-06   -5.368
  47 CH4 gas  1.358E-03 1.866E-03   -2.867   -2.729  7.278E-01   -0.138
  48 NH3 gas  2.742E-08 1.223E+02   -7.562    2.087  2.243E-10   -9.649
  49 Melanter 8.725E-10 3.891E-03   -9.059   -2.410  2.243E-07   -6.649
  51 K-Jarosi 1.317E-33 1.011E-08  -32.880   -7.995  1.303E-25  -24.885



1Bemidjii Site BB                                                                





                              ----------------
                              INITIAL SOLUTION
                              ----------------



          TEMPERATURE =   9.00 DEGREES C    PH =  6.930
          ANALYTICAL EPMCAT =    9.360    ANALYTICAL EPMAN =   10.598


     ***** OXIDATION - REDUCTION *****


 DISSOLVED OXYGEN =  0.000 MMOLES/KG H2O
 EH MEASURED WITH CALOMEL =  9.9000 VOLTS         FLAG CORALK PECALC IDAVES
 MEASURED EH OF ZOBELL SOLUTION =  9.9000 VOLTS     4    2      1      0
 CORRECTED EH = -0.0900 VOLTS
 PE COMPUTED FROM CORRECTED EH =  -1.608




               *** TOTAL CONCENTRATIONS OF INPUT SPECIES ***

                         TOTAL             LOG TOTAL            TOTAL
        SPECIES        MOLALITY            MOLALITY           MG/LITRE
        -------        --------            --------           --------

        Ca+2      2.0  3.04600E-03           -2.5163         1.21977E+02
        Mg+2      2.0  1.36600E-03           -2.8645         3.31812E+01
        Na+       1.0  9.10000E-05           -4.0410         2.09025E+00
        K+        1.0  3.60000E-05           -4.4437         1.40644E+00
        Fe+2      2.0  7.90000E-05           -4.1024         4.40806E+00
        Mn+2      2.0  1.27000E-04           -3.8962         6.97104E+00
        H4SiO4    0.0  5.08000E-04           -3.2941         3.04964E+01
        Cl-      -1.0  1.00000E-05           -5.0000         3.54220E-01
        HCO3-    -1.0  1.05720E-02           -1.9758         6.44512E+02
        SO4-2    -2.0  1.20000E-05           -4.9208         1.15173E+00
        NH4+      1.0  5.00000E-06           -5.3010         6.99724E-02
        N2        0.0  1.40000E-04           -3.8539         1.95923E+00
        HS-      -1.0  1.00000E-06           -6.0000         3.20320E-02
        CH4 AQ    0.0  3.86000E-04           -3.4134         6.18711E+00
        DOC       0.0  1.51500E-03           -2.8196         1.81808E+01







 Bemidjii Site BB                                                                








                      ****DESCRIPTION OF SOLUTION ****

          ANALYT.   COMP.         PH           ACTIVITY H2O =  0.9997
 EPMCAT     9.36      9.05       6.930         PCO2=  4.413446E-02
 EPMAN     10.60      7.86                     LOG PCO2 =  -1.3552
                              TEMPERATURE      PO2 =  2.746842E-68
 EH = -.0900  PE =  -1.608      9.00 DEG C     PCH4 =  2.927167E-19
 PE CALC S =   -3.087                          CO2 TOT =  1.057200E-02
 PE CALC DOX=  0.000         IONIC STRENGTH    DENSITY =   1.0000
 PE SATO DOX=  0.000          1.280878E-02     TDS =     873.0MG/L
 TOT ALK =  8.142E+00 MEQ                      CARB ALK =  8.141E+00 MEQ
 ELECT   =  1.192E+00 MEQ                      CHARGE IMBALANCE =    7.0%

 IN COMPUTING THE DISTRIBUTION OF SPECIES,
 PE =  -1.608     EQUIVALENT EH = -0.090VOLTS





                         -----------------------
                         DISTRIBUTION OF SPECIES
                         -----------------------

  I  SPECIES         MOLALITY   ACTIVITY    LOG ACT    GAMMA

   1 H+       1.    1.2951E-07  1.1749E-07  -6.930  9.0716E-01
   2 E-      -1.    4.0512E+01  4.0512E+01   1.608  1.0000E+00
   4 Ca+2     2.    2.9060E-03  1.8839E-03  -2.725  6.4827E-01
   5 Mg+2     2.    1.2897E-03  8.4262E-04  -3.074  6.5332E-01
   6 Na+      1.    9.0693E-05  8.1174E-05  -4.091  8.9504E-01
   7 K+       1.    3.5999E-05  3.2104E-05  -4.493  8.9180E-01
   8 Fe+2     2.    5.2052E-05  3.4028E-05  -4.468  6.5373E-01
   9 Mn+2     2.    8.2872E-05  5.4176E-05  -4.266  6.5373E-01
  13 H4SiO4   0.    5.0762E-04  5.0911E-04  -3.293  1.0030E+00
  14 Cl-     -1.    9.9973E-06  8.9157E-06  -5.050  8.9180E-01
  15 CO3-2   -2.    2.9136E-06  1.8898E-06  -5.724  6.4862E-01
  16 SO4-2   -2.    9.2586E-06  5.9660E-06  -5.224  6.4437E-01
  23 NH4+     1.    4.9931E-06  4.4337E-06  -5.353  8.8795E-01
  24 N2       0.    1.4000E-04  1.4041E-04  -3.853  1.0030E+00
  25 HS-     -1.    3.8285E-07  3.4128E-07  -6.467  8.9141E-01
  26 CH4 AQ   0.    3.8600E-04  3.8714E-04  -3.412  1.0030E+00
  27 DOC      0.    1.5150E-03  1.5195E-03  -2.818  1.0030E+00
  31 OH-     -1.    2.5537E-08  2.2764E-08  -7.643  8.9141E-01
  33 H2 AQ    0.    1.8923E-14  1.8979E-14 -13.722  1.0030E+00
  34 HCO3-   -1.    7.8346E-03  7.0310E-03  -2.153  8.9742E-01
  35 H2CO3    0.    2.4496E-03  2.4569E-03  -2.610  1.0030E+00
  40 HSO4-   -1.    5.5108E-11  4.9259E-11 -10.308  8.9387E-01
  41 S-2     -2.    1.7080E-13  1.1019E-13 -12.958  6.4513E-01
  43 H2S      0.    6.1010E-07  6.1191E-07  -6.213  1.0030E+00
  50 NH3 AQ   0.    6.4790E-09  6.4981E-09  -8.187  1.0030E+00
  52 NH4SO4- -1.    3.8122E-10  3.4076E-10  -9.468  8.9387E-01
  75 CaOH+    1.    2.9761E-09  2.6603E-09  -8.575  8.9387E-01
  76 CaCO3    0.    4.8228E-06  4.8370E-06  -5.315  1.0030E+00
  77 CaHCO3+  1.    1.3326E-04  1.1959E-04  -3.922  8.9742E-01
  78 CaSO4    0.    1.9093E-06  1.9149E-06  -5.718  1.0030E+00
  79 CaHSO4   1.    1.7277E-12  1.5443E-12 -11.811  8.9387E-01
  85 MgOH+    1.    6.5481E-09  5.8531E-09  -8.233  8.9387E-01
  86 MgCO3    0.    1.1850E-06  1.1885E-06  -5.925  1.0030E+00
  87 MgHCO3+  1.    7.4302E-05  6.6416E-05  -4.178  8.9387E-01
  88 MgSO4    0.    7.6015E-07  7.6240E-07  -6.118  1.0030E+00
  93 NaOH     0.    4.5499E-12  4.5634E-12 -11.341  1.0030E+00
  94 NaCO3-  -1.    1.3620E-09  1.2175E-09  -8.915  8.9387E-01
  95 NaHCO3   0.    3.0309E-07  3.0398E-07  -6.517  1.0030E+00
  96 NaSO4-  -1.    2.4393E-09  2.1804E-09  -8.661  8.9387E-01
  99 KOH      0.    9.4438E-13  9.4717E-13 -12.024  1.0030E+00
 100 KSO4-   -1.    1.1209E-09  1.0020E-09  -8.999  8.9387E-01
 102 FeOH+    1.    2.8956E-08  2.5883E-08  -7.587  8.9387E-01
 105 FeCl+    1.    4.6850E-10  4.1878E-10  -9.378  8.9387E-01
 106 FeCO3    0.    1.5380E-06  1.5426E-06  -5.812  1.0030E+00
 107 FeHCO3+  1.    2.5351E-05  2.2660E-05  -4.645  8.9387E-01
 108 FeSO4    0.    2.6422E-08  2.6500E-08  -7.577  1.0030E+00
 109 FeHSO4+  1.    3.1206E-14  2.7894E-14 -13.554  8.9387E-01
 110 Fe(HS)2  0.    3.5218E-09  3.5322E-09  -8.452  1.0030E+00
 111 Fe(HS)3--1.    1.4685E-13  1.3127E-13 -12.882  8.9387E-01
 115 Fe+3     3.    7.6333E-20  3.1760E-20 -19.498  4.1608E-01
 117 FeOH+2   2.    1.0101E-15  6.4485E-16 -15.191  6.3840E-01
 118 FeOH2+   1.    1.0704E-12  9.5681E-13 -12.019  8.9387E-01
 119 FeOH3    0.    5.0043E-13  5.0191E-13 -12.299  1.0030E+00
 120 FeOH4-  -1.    2.2085E-15  1.9741E-15 -14.705  8.9387E-01
 121 Fe2OH2+4 4.    1.3552E-28  2.2509E-29 -28.648  1.6610E-01
 122 Fe3OH4+5 5.    3.5392E-37  2.1415E-38 -37.669  6.0509E-02
 123 FeCl+2   2.    7.8374E-24  5.0034E-24 -23.301  6.3840E-01
 124 FeCl2+   1.    3.8099E-28  3.4056E-28 -27.468  8.9387E-01
 125 FeCl3    0.    3.0274E-34  3.0363E-34 -33.518  1.0030E+00
 126 FeSO4+   1.    1.5987E-21  1.4290E-21 -20.845  8.9387E-01
 127 FeHSO4+2 2.    2.5873E-27  1.6517E-27 -26.782  6.3840E-01
 128 FeSO42- -1.    1.9533E-25  1.7460E-25 -24.758  8.9387E-01
 134 MnOH+    1.    3.3407E-09  2.9861E-09  -8.525  8.9387E-01
 136 MnCl+    1.    2.2013E-09  1.9677E-09  -8.706  8.9387E-01
 137 MnCl2    0.    7.6354E-15  7.6580E-15 -14.116  1.0030E+00
 138 MnCl3-  -1.    2.1038E-20  1.8805E-20 -19.726  8.9387E-01
 139 MnCO3    0.    8.1085E-06  8.1324E-06  -5.090  1.0030E+00
 140 MnHCO3+  1.    3.5972E-05  3.2154E-05  -4.493  8.9387E-01
 141 MnSO4    0.    4.1507E-08  4.1630E-08  -7.381  1.0030E+00
 144 Mn+3     3.    9.6016E-33  3.4978E-33 -32.456  3.6430E-01
 164 H3SiO4- -1.    3.8470E-07  3.4387E-07  -6.464  8.9387E-01
 165 H2SiO4-2-2.    9.9065E-14  6.3243E-14 -13.199  6.3840E-01





      PHASE      IAP       KT      LOG IAP  LOG KT    IAP/KT  LOG IAP/KT

   1 Calcite  3.560E-09 3.918E-09   -8.449   -8.407  9.087E-01   -0.042
   2 Aragonit 3.560E-09 5.610E-09   -8.449   -8.251  6.346E-01   -0.198
   3 Dolomite 5.669E-18 2.006E-17  -17.246  -16.698  2.827E-01   -0.549
   4 Siderite 6.431E-11 1.633E-11  -10.192  -10.787  3.937E+00    0.595
   5 Rhodochr 1.024E-10 8.500E-12   -9.990  -11.071  1.204E+01    1.081
   8 Gypsum   1.123E-08 2.551E-05   -7.950   -4.593  4.403E-04   -3.356
   9 Anhydrit 1.124E-08 4.604E-05   -7.949   -4.337  2.441E-04   -3.612
  14 SiO2 (a) 5.094E-04 1.410E-03   -3.293   -2.851  3.613E-01   -0.442
  15 Chalcedy 5.094E-04 1.788E-04   -3.293   -3.748  2.849E+00    0.455
  16 Quartz   5.094E-04 5.897E-05   -3.293   -4.229  8.639E+00    0.936
  26 Talc     1.530E+19 2.117E+23   19.185   23.326  7.227E-05   -4.141
  28 Chrysotl 5.894E+25 1.962E+34   25.770   34.293  3.005E-09   -8.522
  29 Sepiol c 4.918E+11 1.602E+16   11.692   16.205  3.069E-05   -4.513
  30 Sepiol d 4.918E+11 4.571E+18   11.692   18.660  1.076E-07   -6.968
  31 Hematite 3.832E+02 1.880E-03    2.583   -2.726  2.038E+05    5.309
  32 Goethite 1.957E+01 2.501E-02    1.292   -1.602  7.826E+02    2.894
  33 Fe(OH)3a 1.957E+01 7.780E+04    1.291    4.891  2.515E-04   -3.600
  34 Pyrite   1.749E-07 1.125E-19   -6.757  -18.949  1.555E+12   12.192
  35 FeS ppt  9.884E-05 1.216E-04   -4.005   -3.915  8.127E-01   -0.090
  36 Mackinit 9.884E-05 2.249E-05   -4.005   -4.648  4.395E+00    0.643
  38 Pyrolusi 1.731E+20 1.220E+44   20.238   44.086  1.419E-24  -23.848
  39 Hausmani 2.665E+39 1.634E+65   39.426   65.213  1.631E-26  -25.788
  40 Manganit 8.241E+14 2.188E+25   14.916   25.340  3.767E-11  -10.424
  41 Pyrochro 3.922E+09 1.585E+15    9.594   15.200  2.475E-06   -5.606
  42 PCO2     2.457E-03 5.567E-02   -2.610   -1.254  4.413E-02   -1.355
  44 H2 gas   1.898E-14 8.378E-04  -13.722   -3.077  2.265E-11  -10.645
  45 N2 gas   1.404E-04 6.258E-04   -3.853   -3.204  2.244E-01   -0.649
  46 H2S gas  6.119E-07 1.559E-01   -6.213   -0.807  3.924E-06   -5.406
  47 CH4 gas  3.871E-04 1.906E-03   -3.412   -2.720  2.031E-01   -0.692
  48 NH3 gas  6.498E-09 1.287E+02   -8.187    2.110  5.049E-11  -10.297
  49 Melanter 2.026E-10 3.760E-03   -9.693   -2.425  5.388E-08   -7.269
  51 K-Jarosi 1.389E-32 1.231E-08  -31.857   -7.910  1.129E-24  -23.947
