 [2J[H
 ----------------
 CHOOSE WELL FILE
 ----------------

   1:  class                                   
 
 
 
 
 
 
 
 
 
 
 
 
 
 

 Enter number of file to use, or 'Q' to quit:
 [2J[H

 -----------------
 CHOOSE MODEL FILE
 -----------------

   1:  ../data/np-1a.dat                              
   2:  ../data/np-1b.dat                              
   3:  ../data/np-1c.dat                              
   4:  ../data/np-2.dat                               
   5:  ../data/np-3-1.dat                             
   6:  ../data/np-3-2.dat                             
   7:  ../data/np-3-3a.dat                            
   8:  ../data/np-3-3b.dat                            
   9:  ../data/np-3-4.dat                             
  10:  ../data/np-3-5.dat                             
  11:  ../data/np-3-6.dat                             
  12:  ../data/np-3-7.dat                             
  13:  ../data/np-4.dat                               
  14:  ../data/np-5-1.dat                             
  15:  ../data/np-5-2.dat                             

 Enter number of file, 0 for none, or <ENTER> to see more files:
 [2J[H

 -----------------
 CHOOSE MODEL FILE
 -----------------

  16:  ../data/np-5-3.dat                             
  17:  ../data/np-5-4.dat                             
  18:  ../data/np-5-5.dat                             
  19:  ../data/np-6.dat                               
  20:  ../data/np-7.dat                               
 
 
 
 
 
 
 
 
 
 

 Enter number of file, 0 for none, or <ENTER> to see more files:
 [2J[H
 ----------------------------------------
 ../data/np-7.dat                                            
 ----------------------------------------
 Initial well: Bemidjii Site AA                
 Final well  : Bemidjii Site BB                

 CONSTRAINTS:
 Carbon         Calcium        Iron           Manganese      Nitrogen    
 Redox       

 PHASES:
 MnO2           GOETHITE       SIDERITE       Sorb NH4       CO2-CH4 
 CALCITE 

 Use this file?  (N)o, (D)elete, or <ENTER> to accept:  [2J[H
 Initial Well: Bemidjii Site AA                         NETPATH 2.15           
 Final Well  : Bemidjii Site BB                         June 25, 2007          
 ===============================================================================
      Constraints:  6      |        Phases:  6          |      Parameters
 --------------------------|----------------------------|-----------------------
 Carbon       Calcium      | MnO2     GOETHITE SIDERITE |Mixing: No             
 Iron         Manganese    | Sorb NH4 CO2-CH4  CALCITE  |Evaporation: No        
 Nitrogen     Redox        |                            |Rayleigh Calcs: Yes    
                           |                            |X CO2 in CO2-CH4: 0.14 
                           |                            |Init C-14   0.00 (TDC) 
                           |                            |(Original Data)        
 ===============================================================================
 [H
 
 
 
 
 
 
 
 
 
 
 
 
[B[B[B[K[A[K[A[K[A[K[A
 Select: <A>dd, <D>elete, <E>dit, <R>un, <S>ave, <V>iew, or <Q>uit
 [H
 
 
 
 
 
 
 
 
 
 
 
 
[B[B[B[K[A[K[A[K[A[K[A
 [2J[H
 Initial Well : Bemidjii Site AA                
 Final Well   : Bemidjii Site BB                

          Final     Initial
 C      12.4730     22.6890
 CA      3.0460      3.3220
 FE      0.0790      1.0550
 MN      0.1270      0.0160
 N       0.1450      0.1680
 RS     38.1867     56.9640

 Hit <Q> to quit, or <Enter> to continue
 
 MnO2     MN   1.0000 RS   4.0000
 GOETHITE FE   1.0000 RS   3.0000
 SIDERITE FE   1.0000 C    1.0000 RS   6.0000 I1   0.0000 I2   0.0000
 Sorb NH4 N   -1.0000 RS   3.0000
 CO2-CH4  C    1.0000 RS  -2.8800 I1 -49.5540 I2   0.0000
 CALCITE  CA   1.0000 C    1.0000 RS   4.0000 I1   0.0000 I2   0.0000

 Hit <Q> to quit, or <Enter> to continue
 [2J[H

                      1 model checked
                      1 model found


            MODEL   1
  MnO2                 0.11100
  GOETHITE             6.48751
  SIDERITE            -7.46351
  Sorb NH4             0.02300
  CO2-CH4             -2.47649
  CALCITE             -0.27600
 
                Computed    Observed
 Carbon-13       -9.7397     -9.7385
 DIC C-13        -5.9515     -5.9500
 C-14 (% mod)      Insufficient data
 Sulfur-34        0.0000   Undefined
 Strontium-87      Insufficient data
 Nitrogen-15       Insufficient data
 
 No more models, hit <S> to show Rayleigh data,
 <C> to run all C-14 models, <E> to explain insufficient data.
 
 No more models, hit <S> to show Rayleigh data,
 <C> to run all C-14 models, <E> to explain insufficient data.
 [2J[H

 Data used for Carbon-13   

 Initial Value: -12.3291154        Modeled Final Value:  -9.7397235


  4 precipitating phases:                             Average
 Phase       Delta C     Fractionation factor Isotopic composition (o/oo)
 SIDERITE   -7.46351             6.4576              -4.7777560
 CO2 GAS    -0.34671            -3.4255             -14.5505174
 CH4 GAS    -2.12978           -43.9000             -54.5732021
 CALCITE    -0.27600             6.4576              -4.7777560

 Hit <Enter> to continue, any other key to see graphs of
   the isotopic composition of precipitating phases.
 [2J[H

 Data used for C-14 (% mod)
 [2J[H
 [2J[H

 Data used for Sulfur-34   

 Initial Value:   0.0000000        Modeled Final Value:   0.0000000

 No incoming or outgoing phases


 Hit <Enter> to continue
 [2J[H

 Data used for Strontium-87
 [2J[H
 [2J[H

 Data used for Nitrogen-15 
 [2J[H
 
 No more models, hit <S> to show Rayleigh data,
 <C> to run all C-14 models, <E> to explain insufficient data.
 [2J[H
 Initial Well: Bemidjii Site AA                         NETPATH 2.15           
 Final Well  : Bemidjii Site BB                         June 25, 2007          
 ===============================================================================
      Constraints:  6      |        Phases:  6          |      Parameters
 --------------------------|----------------------------|-----------------------
 Carbon       Calcium      | MnO2     GOETHITE SIDERITE |Mixing: No             
 Iron         Manganese    | Sorb NH4 CO2-CH4  CALCITE  |Evaporation: No        
 Nitrogen     Redox        |                            |Rayleigh Calcs: Yes    
                           |                            |X CO2 in CO2-CH4: 0.14 
                           |                            |Init C-14   0.00 (TDC) 
                           |                            |(Original Data)        
 ===============================================================================
 [H
 
 
 
 
 
 
 
 
 
 
 
 
[B[B[B[K[A[K[A[K[A[K[A
 Select: <A>dd, <D>elete, <E>dit, <R>un, <S>ave, <V>iew, or <Q>uit
 [H
 
 
 
 
 
 
 
 
 
 
 
 
[B[B[B[K[A[K[A[K[A[K[A
 [H
 
 
 
 
 
 
 
 
 
 
 
 
[B[B[B[K[A[K[A[K[A[K[A
 Select: <A>dd, <D>elete, <E>dit, <R>un, <S>ave, <V>iew, or <Q>uit
 [H
 
 
 
 
 
 
 
 
 
 
 
 
[B[B[B[K[A[K[A[K[A[K[A
 [H
 
 
 
 
 
 
 
 
 
 
 
 
[B[B[B[K[A[K[A[K[A[K[A
 Select: <A>dd, <D>elete, <E>dit, <R>un, <S>ave, <V>iew, or <Q>uit
 [H
 
 
 
 
 
 
 
 
 
 
 
 
[B[B[B[K[A[K[A[K[A[K[A
 [H
 
 
 
 
 
 
 
 
 
 
 
 
[B[B[B[K[A[K[A[K[A[K[A
 Do you want to save the model?
 (<Enter> for no)
 [H
 
 
 
 
 
 
 
 
 
 
 
 
[B[B[B[K[A[K[A[K[A[K[A
 Do you want to save the results?
 (<Enter> for no)
 [H
 
 
 
 
 
 
 
 
 
 
 
 
[B[B[B[K[A[K[A[K[A[K[A
 Enter file name. <Enter> to abort
 [2J[H
 [2J[H
 
 [2J[H
 Initial Well: Bemidjii Site AA                         NETPATH 2.15           
 Final Well  : Bemidjii Site BB                         June 25, 2007          
 ===============================================================================
      Constraints:  6      |        Phases:  6          |      Parameters
 --------------------------|----------------------------|-----------------------
 Carbon       Calcium      | MnO2     GOETHITE SIDERITE |Mixing: No             
 Iron         Manganese    | Sorb NH4 CO2-CH4  CALCITE  |Evaporation: No        
 Nitrogen     Redox        |                            |Rayleigh Calcs: Yes    
                           |                            |X CO2 in CO2-CH4: 0.14 
                           |                            |Init C-14   0.00 (TDC) 
                           |                            |(Original Data)        
 ===============================================================================
 [H
 
 
 
 
 
 
 
 
 
 
 
 
[B[B[B[K[A[K[A[K[A[K[A
 Select: <A>dd, <D>elete, <E>dit, <R>un, <S>ave, <V>iew, or <Q>uit
 [H
 
 
 
 
 
 
 
 
 
 
 
 
[B[B[B[K[A[K[A[K[A[K[A
 [H
 
 
 
 
 
 
 
 
 
 
 
 
[B[B[B[K[A[K[A[K[A[K[A
 Select: <A>dd, <D>elete, <E>dit, <R>un, <S>ave, <V>iew, or <Q>uit
 [H
 
 
 
 
 
 
 
 
 
 
 
 
[B[B[B[K[A[K[A[K[A[K[A
 [H
 
 
 
 
 
 
 
 
 
 
 
 
[B[B[B[K[A[K[A[K[A[K[A
 Do you really want to quit? <Enter> for yes.
 [2J[H
 NETPATH finished - Thank You

