 Initial Well : Chapelle-Knobel (1985) Fd-12    
 Final Well   : Chapelle-Knobel (1985) Ff-35    

          Final     Initial
 C       5.9742      3.0741
 CA      0.0749      1.0232
 NA      6.0930      0.1653
 
 CALCITE  CA   1.0000 C    1.0000 RS   4.0000 I1   1.1000 I2   0.0000
 H-Exch   NA   1.6000 CA  -1.0000
 CO2 GAS  C    1.0000 RS   4.0000 I1 -22.0000 I2   0.0000

                      1 model checked
                      1 model found


            MODEL   1
  CALCITE              2.75643
  H-Exch               3.70478
  CO2 GAS              0.14373
                Computed    Observed
 Carbon-13       -6.5051     -6.2000
 C-14 (% mod)    25.7278*     3.1000
 Sulfur-34        0.0000   Undefined
 Strontium-87      Insufficient data
 Nitrogen-15       Insufficient data
 -------------------------------------------------------------------------
 Adjusted C-14 age in years:  17494.*     * = based on User-defined        
 
     Model                 A0     Computed  Observed    age
 (for initial A0)      (initial) (no decay)           (final)
 ------------------------------------------------------------
 Original Data            33.90     17.44      3.10    14281.
 Mass Balance             55.75     28.69      3.10    18394.
 Vogel                    85.00     43.74      3.10    21880.
 Tamers                   52.75     27.15      3.10    17937.
 Ingerson and Pearson     50.40     25.93      3.10    17559.
 Mook                     34.25     17.62      3.10    14366.
 Fontes and Garnier       50.35     25.91      3.10    17551.
      F-G K     -2.41
 Eichinger                47.91     24.65      3.10    17141.
 User-defined             50.00     25.73      3.10    17494.
 

 Data used for Carbon-13   

 Initial Value: -12.6000000        Modeled Final Value:  -6.5051343

  2 dissolving phases:
 Phase       Delta C     Isotopic composition (o/oo)
 CALCITE     2.7564250            1.1000000
 CO2 GAS     0.1437250          -22.0000000

 Data used for C-14 (% mod)

 Initial Value:  50.0000000        Modeled Final Value:  25.7277531

  2 dissolving phases:
 Phase       Delta C     Isotopic composition (% modern)
 CALCITE     2.7564250            0.0000000
 CO2 GAS     0.1437250            0.0000000

 Data used for Sulfur-34   

 Initial Value:   0.0000000        Modeled Final Value:   0.0000000

 No incoming or outgoing phases


 Data used for Strontium-87
       Insufficient data

 Data used for Nitrogen-15 
       Insufficient data
 
