 Carbon-13   
  2 dissolving:
        2.756425       1.100000
        0.143725     -22.000000
  0 precipitating:
CFINAL     5.97421 CINIT     3.07406
EXPONENT    -1.00000 EPSBAR     0.00000
BETA     1.00000 PHACOMP    -0.04478 EPSGAM     0.00000
EXPON     0.51456 SMGAM     0.00000 GAMMA     2.90015
 C-14 (% mod)
  2 dissolving:
        2.756425   -1000.000000
        0.143725   -1000.000000
  0 precipitating:
CFINAL     5.97421 CINIT     3.07406
EXPONENT    -1.00000 EPSBAR     0.00000
BETA     1.00000 PHACOMP -1000.00000 EPSGAM     0.00000
EXPON     0.51456 SMGAM     0.00000 GAMMA     2.90015
 Sulfur-34   
  0 dissolving:
  0 precipitating:
 No phases in or out
