 [2J[H
 ----------------
 CHOOSE WELL FILE
 ----------------

   1:  class                                   
 
 
 
 
 
 
 
 
 
 
 
 
 
 

 Enter number of file to use, or 'Q' to quit:
 [2J[H

 -----------------
 CHOOSE MODEL FILE
 -----------------

   1:  ../data/np-1a.dat                              
   2:  ../data/np-1b.dat                              
   3:  ../data/np-1c.dat                              
   4:  ../data/np-2.dat                               
   5:  ../data/np-3-1.dat                             
   6:  ../data/np-3-2.dat                             
   7:  ../data/np-3-3a.dat                            
   8:  ../data/np-3-3b.dat                            
   9:  ../data/np-3-4.dat                             
  10:  ../data/np-3-5.dat                             
  11:  ../data/np-3-6.dat                             
  12:  ../data/np-3-7.dat                             
  13:  ../data/np-4.dat                               
  14:  ../data/np-5-1.dat                             
  15:  ../data/np-5-2.dat                             

 Enter number of file, 0 for none, or <ENTER> to see more files:
 [2J[H
 ----------------------------------------
 ../data/np-4.dat                                            
 ----------------------------------------
 Initial well: Pinal Cr. background, #404      
 Initial well: Pinal Cr pH<4 plume, #51        
 Final well  : Pinal Cr pH 4-5, #402           

 CONSTRAINTS:
 Carbon         Sulfur         Calcium        Aluminum       Magnesium   
 Sodium         Chloride       Silica         Iron           Manganese   
 Redox       

 PHASES:
 CALCITE        CO2 GAS        GYPSUM         ALBITE         O2 GAS  
 GIBBSITE       GOETHITE       DOLOMITE       MnOOH          KAOLINIT
 SiO2    

 Use this file?  (N)o, (D)elete, or <ENTER> to accept:  [2J[H
 Initial Well: Pinal Cr. background, #404      
 Initial Well: Pinal Cr pH<4 plume, #51                 NETPATH 2.15           
 Final Well  : Pinal Cr pH 4-5, #402                    June 25, 2007          
 ===============================================================================
      Constraints: 11      |        Phases: 11          |      Parameters
 --------------------------|----------------------------|-----------------------
 Carbon       Sulfur       | CALCITE  CO2 GAS  GYPSUM   |Mixing: Yes            
 Calcium      Aluminum     |+ALBITE  +O2 GAS   GIBBSITE |Evaporation: No        
 Magnesium    Sodium       | GOETHITE+DOLOMITE MnOOH    |Rayleigh Calcs: No     
 Chloride     Silica       | KAOLINIT SiO2              |                       
 Iron         Manganese    |                            |                       
 Redox                     |                            |                       
 ===============================================================================
 The mixing ratio will be determined by Chloride    
 Warning: There is no data for Aluminum in 1 of the wells: zero will be used
 ===============================================================================
 [H
 
 
 
 
 
 
 
 
 
 
 
 
 
 
 
 
[B[B[B[K[A[K[A[K[A[K[A
 Select: <A>dd, <D>elete, <E>dit, <R>un, <S>ave, <V>iew, or <Q>uit
 [H
 
 
 
 
 
 
 
 
 
 
 
 
 
 
 
 
[B[B[B[K[A[K[A[K[A[K[A
 [2J[H
 Initial Well 1 : Pinal Cr. background, #404      
 Initial Well 2 : Pinal Cr pH<4 plume, #51        
 Final well     : Pinal Cr pH 4-5, #402           

          Final    Initial 1   Initial 2   
 C       4.6956      3.9020      4.2204
 S      34.5357      0.1875     92.8765
 CA     13.5447      0.9984     11.1301
 AL      0.3726      0.0000      9.3939
 MG      7.8567      0.5349     16.2636
 NA      4.8102      1.1749      9.2610
 CL      3.9699      0.2257      9.7230
 SI      1.6062      0.5328      1.6874
 FE      9.7207      0.0000     50.8313
 MN      1.2078      0.0018      1.3841
 RS    247.9333     17.4742    678.6411

 Hit <Q> to quit, or <Enter> to continue
 
 CALCITE  CA   1.0000 C    1.0000 RS   4.0000 I1   0.0000 I2   0.0000
 CO2 GAS  C    1.0000 RS   4.0000 I1 -25.0000 I2 100.0000
 GYPSUM   CA   1.0000 S    1.0000 RS   6.0000 I3  22.0000
 ALBITE   NA   1.0000 AL   1.0000 SI   3.0000
 O2 GAS   RS   4.0000
 GIBBSITE AL   1.0000
 GOETHITE FE   1.0000 RS   3.0000
 DOLOMITE CA   1.0000 MG   1.0000 C    2.0000 RS   8.0000 I1   0.0000
          I2   0.0000
 MnOOH    MN   1.0000 RS   3.0000
 KAOLINIT AL   2.0000 SI   2.0000
 SiO2     SI   1.0000

 Hit <Q> to quit, or <Enter> to continue
 [2J[H

                     11 models checked
                      3 models found
 Display them <A>ll at once, <Return> for each, or <N>one.


            MODEL   1
  Init 1    + F        0.60576
  Init 2    + F        0.39424
  CALCITE              9.62443
  CO2 GAS            -11.19810
  GYPSUM              -2.19327
  ALBITE    +          0.44746
  O2 GAS    +          2.31577
  GIBBSITE            -3.05421
  GOETHITE           -10.31891
  DOLOMITE  +          1.12089
  MnOOH                0.66099
  KAOLINIT            -0.36204
 


            MODEL   2
  Init 1    + F        0.60576
  Init 2    + F        0.39424
  CALCITE              9.62443
  CO2 GAS            -11.19810
  GYPSUM              -2.19327
  ALBITE    +          0.44746
  O2 GAS    +          2.31577
  GIBBSITE            -3.77829
  GOETHITE           -10.31891
  DOLOMITE  +          1.12089
  MnOOH                0.66099
  SiO2                -0.72409
 


            MODEL   3
  Init 1    + F        0.60576
  Init 2    + F        0.39424
  CALCITE              9.62443
  CO2 GAS            -11.19810
  GYPSUM              -2.19327
  ALBITE    +          0.44746
  O2 GAS    +          2.31577
  GOETHITE           -10.31891
  DOLOMITE  +          1.12089
  MnOOH                0.66099
  KAOLINIT            -1.88915
  SiO2                 3.05421
 
 No more models, hit <Enter> to continue
 [2J[H
 Initial Well: Pinal Cr. background, #404      
 Initial Well: Pinal Cr pH<4 plume, #51                 NETPATH 2.15           
 Final Well  : Pinal Cr pH 4-5, #402                    June 25, 2007          
 ===============================================================================
      Constraints: 11      |        Phases: 11          |      Parameters
 --------------------------|----------------------------|-----------------------
 Carbon       Sulfur       | CALCITE  CO2 GAS  GYPSUM   |Mixing: Yes            
 Calcium      Aluminum     |+ALBITE  +O2 GAS   GIBBSITE |Evaporation: No        
 Magnesium    Sodium       | GOETHITE+DOLOMITE MnOOH    |Rayleigh Calcs: No     
 Chloride     Silica       | KAOLINIT SiO2              |                       
 Iron         Manganese    |                            |                       
 Redox                     |                            |                       
 ===============================================================================
 The mixing ratio will be determined by Chloride    
 Warning: There is no data for Aluminum in 1 of the wells: zero will be used
 ===============================================================================
 [H
 
 
 
 
 
 
 
 
 
 
 
 
 
 
 
 
[B[B[B[K[A[K[A[K[A[K[A
 Select: <A>dd, <D>elete, <E>dit, <R>un, <S>ave, <V>iew, or <Q>uit
 [H
 
 
 
 
 
 
 
 
 
 
 
 
 
 
 
 
[B[B[B[K[A[K[A[K[A[K[A
 [H
 
 
 
 
 
 
 
 
 
 
 
 
 
 
 
 
[B[B[B[K[A[K[A[K[A[K[A
 Do you want to save the model?
 (<Enter> for no)
 [H
 
 
 
 
 
 
 
 
 
 
 
 
 
 
 
 
[B[B[B[K[A[K[A[K[A[K[A
 Do you want to save the results?
 (<Enter> for no)
 [H
 
 
 
 
 
 
 
 
 
 
 
 
 
 
 
 
[B[B[B[K[A[K[A[K[A[K[A
 Enter file name. <Enter> to abort
 [2J[H
 
 
 
 No more models, hit <Enter> to continue
 [2J[H
 Initial Well: Pinal Cr. background, #404      
 Initial Well: Pinal Cr pH<4 plume, #51                 NETPATH 2.15           
 Final Well  : Pinal Cr pH 4-5, #402                    June 25, 2007          
 ===============================================================================
      Constraints: 11      |        Phases: 11          |      Parameters
 --------------------------|----------------------------|-----------------------
 Carbon       Sulfur       | CALCITE  CO2 GAS  GYPSUM   |Mixing: Yes            
 Calcium      Aluminum     |+ALBITE  +O2 GAS   GIBBSITE |Evaporation: No        
 Magnesium    Sodium       | GOETHITE+DOLOMITE MnOOH    |Rayleigh Calcs: No     
 Chloride     Silica       | KAOLINIT SiO2              |                       
 Iron         Manganese    |                            |                       
 Redox                     |                            |                       
 ===============================================================================
 The mixing ratio will be determined by Chloride    
 Warning: There is no data for Aluminum in 1 of the wells: zero will be used
 ===============================================================================
 [H
 
 
 
 
 
 
 
 
 
 
 
 
 
 
 
 
[B[B[B[K[A[K[A[K[A[K[A
 Select: <A>dd, <D>elete, <E>dit, <R>un, <S>ave, <V>iew, or <Q>uit
 [H
 
 
 
 
 
 
 
 
 
 
 
 
 
 
 
 
[B[B[B[K[A[K[A[K[A[K[A
 [H
 
 
 
 
 
 
 
 
 
 
 
 
 
 
 
 
[B[B[B[K[A[K[A[K[A[K[A
 Do you really want to quit? <Enter> for yes.
 [2J[H
 NETPATH finished - Thank You

