 Initial Well : Chapelle-Knobel (1985) Fd-12    
 Final Well   : Chapelle-Knobel (1985) Ff-35    

          Final     Initial
 C       5.9742      3.0741
 CA      0.0749      1.0232
 NA      6.0930      0.1653
 RS     24.7092     13.4833
 FE      0.0000      0.0000
 S       0.1354      0.1978
 
 CALCITE  CA   1.0000 C    1.0000 RS   4.0000 I1   1.1000 I2   0.0000
 GOETHITE FE   1.0000 RS   3.0000
 GYPSUM   CA   1.0000 S    1.0000 RS   6.0000 I3  22.0000
 PYRITE   FE   1.0000 S    2.0000 RS   0.0000 I3 -60.0000
 LIGNITE  C    1.0000 RS  -0.4000 I1 -22.0000 I2   0.0000
 H-Exch   NA   1.6000 CA  -1.0000

                      1 model checked
                      1 model found


            MODEL   1
  CALCITE              2.70349
  GOETHITE             0.05769
  GYPSUM    +          0.05293
  PYRITE    -         -0.05769
  LIGNITE   +          0.19666
  H-Exch               3.70478
                Computed    Observed
 Carbon-13       -6.7098     -6.2000
 C-14 (% mod)    25.7278*     3.1000
 Sulfur-34       30.4195   Undefined
 Strontium-87      Insufficient data
 Nitrogen-15       Insufficient data
 -------------------------------------------------------------------------
 Adjusted C-14 age in years:  17494.*     * = based on User-defined        
 
     Model                 A0     Computed  Observed    age
 (for initial A0)      (initial) (no decay)           (final)
 ------------------------------------------------------------
 Original Data            33.90     17.44      3.10    14281.
 Mass Balance             55.75     28.69      3.10    18394.
 Vogel                    85.00     43.74      3.10    21880.
 Tamers                   52.75     27.15      3.10    17937.
 Ingerson and Pearson     50.40     25.93      3.10    17559.
 Mook                     34.25     17.62      3.10    14366.
 Fontes and Garnier       50.35     25.91      3.10    17551.
      F-G K     -2.41
 Eichinger                47.91     24.65      3.10    17141.
 User-defined             50.00     25.73      3.10    17494.
 

 Data used for Carbon-13   

 Initial Value: -12.6000000        Modeled Final Value:  -6.7098032

  2 dissolving phases:
 Phase       Delta C     Isotopic composition (o/oo)
 CALCITE     2.7034927            1.1000000
 LIGNITE     0.1966573          -22.0000000

 Data used for C-14 (% mod)

 Initial Value:  50.0000000        Modeled Final Value:  25.7277531

  2 dissolving phases:
 Phase       Delta C     Isotopic composition (% modern)
 CALCITE     2.7034927            0.0000000
 LIGNITE     0.1966573            0.0000000

 Data used for Sulfur-34   

 Initial Value:   0.0000000        Modeled Final Value:  30.4194894

  1 dissolving phases:
 Phase       Delta S     Isotopic composition (o/oo)
 GYPSUM      0.0529323           22.0000000

  1 precipitating phases:                             Average
 Phase       Delta S     Fractionation factor Isotopic composition (o/oo)
 PYRITE     -0.11537           -40.0000             -25.6064982

          Isotopic composition of precipitating PYRITE  

             +--------------------------------------------------+
     -11.1025|                                             *****|
             |                                        *****     |              
             |                                   *****          |              
             |                              *****               |              
 Sulfur-34   |                          ****                    |              
     o/oo    |                     *****                        |Avg = -25.6065
             |                *****                             |              
             |           *****                                  |              
             |      *****                                       |              
     -39.7194|******                                            |
             +--------------------------------------------------+
          Initial                                             Final

 Data used for Strontium-87
       Insufficient data

 Data used for Nitrogen-15 
       Insufficient data
 
