 [2J[H
 ----------------
 CHOOSE WELL FILE
 ----------------

   1:  class                                   
 
 
 
 
 
 
 
 
 
 
 
 
 
 

 Enter number of file to use, or 'Q' to quit:
 [2J[H

 -----------------
 CHOOSE MODEL FILE
 -----------------

   1:  ../data/np-1a.dat                              
   2:  ../data/np-1b.dat                              
   3:  ../data/np-1c.dat                              
   4:  ../data/np-2.dat                               
   5:  ../data/np-3-1.dat                             
   6:  ../data/np-3-2.dat                             
   7:  ../data/np-3-3a.dat                            
   8:  ../data/np-3-3b.dat                            
   9:  ../data/np-3-4.dat                             
  10:  ../data/np-3-5.dat                             
  11:  ../data/np-3-6.dat                             
  12:  ../data/np-3-7.dat                             
  13:  ../data/np-4.dat                               
  14:  ../data/np-5-1.dat                             
  15:  ../data/np-5-2.dat                             

 Enter number of file, 0 for none, or <ENTER> to see more files:
 [2J[H
 ----------------------------------------
 ../data/np-2.dat                                            
 ----------------------------------------
 Initial well: GSL, Bear R. weighted 1961      
 Final well  : GSL, S. arm at RR Oct. 1960.    

 CONSTRAINTS:
 Carbon         Sulfur         Calcium        Sodium         Chloride    

 PHASES:
 CO2 GAS        NaCl           ARAGONIT       MIRABILI       GYPSUM  

 Use this file?  (N)o, (D)elete, or <ENTER> to accept:  [2J[H
 Initial Well: GSL, Bear R. weighted 1961               NETPATH 2.15           
 Final Well  : GSL, S. arm at RR Oct. 1960.             June 25, 2007          
 ===============================================================================
      Constraints:  5      |        Phases:  5          |      Parameters
 --------------------------|----------------------------|-----------------------
 Carbon       Sulfur       | CO2 GAS  NaCl     ARAGONIT |Mixing: No             
 Calcium      Sodium       | MIRABILI GYPSUM            |Evaporation: Yes       
 Chloride                  |                            |Rayleigh Calcs: No     
 ===============================================================================
 [H
 
 
 
 
 
 
 
 
 
[B[B[B[K[A[K[A[K[A[K[A
 Select: <A>dd, <D>elete, <E>dit, <R>un, <S>ave, <V>iew, or <Q>uit
 [H
 
 
 
 
 
 
 
 
 
[B[B[B[K[A[K[A[K[A[K[A
 [2J[H
 Initial Well : GSL, Bear R. weighted 1961      
 Final Well   : GSL, S. arm at RR Oct. 1960.    

          Final     Initial
 C       6.3060      6.0210
 S     291.4270      0.6980
 CA     11.2170      1.6980
 NA   5428.6160      9.4490
 CL   5834.6400      9.2340

 Hit <Q> to quit, or <Enter> to continue
 
 CO2 GAS  C    1.0000 RS   4.0000 I1 -25.0000 I2 100.0000
 NaCl     NA   1.0000 CL   1.0000
 ARAGONIT CA   1.0000 C    1.0000 RS   4.0000
 MIRABILI NA   2.0000 S    1.0000 RS   6.0000
 GYPSUM   CA   1.0000 S    1.0000 RS   6.0000 I3  22.0000

 Hit <Q> to quit, or <Enter> to continue
 [2J[H

                      5 models checked
                      3 models found
 Display them <A>ll at once, <Return> for each, or <N>one.


            MODEL   1
  CO2 GAS             -4.32887
  NaCl                -2.26579
  ARAGONIT            -1.68460
  MIRABILI            -0.34995
  Evaporation factor:    837.323      1.194g H2O remain
 


            MODEL   2
  CO2 GAS             -4.13876
  ARAGONIT            -1.87226
  MIRABILI            -0.42879
  GYPSUM               0.19201
  Evaporation factor:    631.865      1.583g H2O remain
 


            MODEL   3
  NaCl                49.32956
  ARAGONIT            -5.95771
  MIRABILI            -2.14518
  GYPSUM               4.37229
  Evaporation factor:     99.629     10.037g H2O remain
 
 No more models, hit <Enter> to continue
 [2J[H
 Initial Well: GSL, Bear R. weighted 1961               NETPATH 2.15           
 Final Well  : GSL, S. arm at RR Oct. 1960.             June 25, 2007          
 ===============================================================================
      Constraints:  5      |        Phases:  5          |      Parameters
 --------------------------|----------------------------|-----------------------
 Carbon       Sulfur       | CO2 GAS  NaCl     ARAGONIT |Mixing: No             
 Calcium      Sodium       | MIRABILI GYPSUM            |Evaporation: Yes       
 Chloride                  |                            |Rayleigh Calcs: No     
 ===============================================================================
 [H
 
 
 
 
 
 
 
 
 
[B[B[B[K[A[K[A[K[A[K[A
 Select: <A>dd, <D>elete, <E>dit, <R>un, <S>ave, <V>iew, or <Q>uit
 [H
 
 
 
 
 
 
 
 
 
[B[B[B[K[A[K[A[K[A[K[A
 [H
 
 
 
 
 
 
 
 
 
[B[B[B[K[A[K[A[K[A[K[A
 Do you want to save the model?
 (<Enter> for no)
 [H
 
 
 
 
 
 
 
 
 
[B[B[B[K[A[K[A[K[A[K[A
 Do you want to save the results?
 (<Enter> for no)
 [H
 
 
 
 
 
 
 
 
 
[B[B[B[K[A[K[A[K[A[K[A
 Enter file name. <Enter> to abort
 [2J[H
 
 
 
 No more models, hit <Enter> to continue
 [2J[H
 Initial Well: GSL, Bear R. weighted 1961               NETPATH 2.15           
 Final Well  : GSL, S. arm at RR Oct. 1960.             June 25, 2007          
 ===============================================================================
      Constraints:  5      |        Phases:  5          |      Parameters
 --------------------------|----------------------------|-----------------------
 Carbon       Sulfur       | CO2 GAS  NaCl     ARAGONIT |Mixing: No             
 Calcium      Sodium       | MIRABILI GYPSUM            |Evaporation: Yes       
 Chloride                  |                            |Rayleigh Calcs: No     
 ===============================================================================
 [H
 
 
 
 
 
 
 
 
 
[B[B[B[K[A[K[A[K[A[K[A
 Select: <A>dd, <D>elete, <E>dit, <R>un, <S>ave, <V>iew, or <Q>uit
 [H
 
 
 
 
 
 
 
 
 
[B[B[B[K[A[K[A[K[A[K[A
 [H
 
 
 
 
 
 
 
 
 
[B[B[B[K[A[K[A[K[A[K[A
 Do you really want to quit? <Enter> for yes.
 [2J[H
 NETPATH finished - Thank You

