 [2J[H
 ----------------
 CHOOSE WELL FILE
 ----------------

   1:  class                                   
 
 
 
 
 
 
 
 
 
 
 
 
 
 

 Enter number of file to use, or 'Q' to quit:
 [2J[H

 -----------------
 CHOOSE MODEL FILE
 -----------------

   1:  ../data/np-1a.dat                              
   2:  ../data/np-1b.dat                              
   3:  ../data/np-1c.dat                              
   4:  ../data/np-2.dat                               
   5:  ../data/np-3-1.dat                             
   6:  ../data/np-3-2.dat                             
   7:  ../data/np-3-3a.dat                            
   8:  ../data/np-3-3b.dat                            
   9:  ../data/np-3-4.dat                             
  10:  ../data/np-3-5.dat                             
  11:  ../data/np-3-6.dat                             
  12:  ../data/np-3-7.dat                             
  13:  ../data/np-4.dat                               
  14:  ../data/np-5-1.dat                             
  15:  ../data/np-5-2.dat                             

 Enter number of file, 0 for none, or <ENTER> to see more files:
 [2J[H
 ----------------------------------------
 ../data/np-3-7.dat                                          
 ----------------------------------------
 Initial well: Chapelle-Knobel (1985) Fd-12    
 Final well  : Chapelle-Knobel (1985) Ff-35    

 CONSTRAINTS:
 Carbon         Calcium        Sodium      

 PHASES:
 CALCITE        CO2 GAS        H-Exch  

 Use this file?  (N)o, (D)elete, or <ENTER> to accept:  [2J[H
 Initial Well: Chapelle-Knobel (1985) Fd-12             NETPATH 2.15           
 Final Well  : Chapelle-Knobel (1985) Ff-35             June 25, 2007          
 ===============================================================================
      Constraints:  3      |        Phases:  3          |      Parameters
 --------------------------|----------------------------|-----------------------
 Carbon       Calcium      | CALCITE  CO2 GAS  H-Exch   |Mixing: No             
 Sodium                    |                            |Evaporation: No        
                           |                            |Rayleigh Calcs: No     
 ===============================================================================
 [H
 
 
 
 
 
 
 
 
 
[B[B[B[K[A[K[A[K[A[K[A
 Select: <A>dd, <D>elete, <E>dit, <R>un, <S>ave, <V>iew, or <Q>uit
 [H
 
 
 
 
 
 
 
 
 
[B[B[B[K[A[K[A[K[A[K[A
 [2J[H
 Initial Well : Chapelle-Knobel (1985) Fd-12    
 Final Well   : Chapelle-Knobel (1985) Ff-35    

          Final     Initial
 C       5.9742      3.0741
 CA      0.0749      1.0232
 NA      6.0930      0.1653

 Hit <Q> to quit, or <Enter> to continue
 
 CALCITE  CA   1.0000 C    1.0000 RS   4.0000 I1   0.0000 I2   0.0000
 CO2 GAS  C    1.0000 RS   4.0000 I1 -25.0000 I2 100.0000
 H-Exch   NA   1.6000 CA  -1.0000

 Hit <Q> to quit, or <Enter> to continue
 [2J[H

                      1 model checked
                      1 model found


            MODEL   1
  CALCITE              2.75643
  CO2 GAS              0.14373
  H-Exch               3.70478
 
 No more models, hit <Enter> to continue
 [2J[H
 Initial Well: Chapelle-Knobel (1985) Fd-12             NETPATH 2.15           
 Final Well  : Chapelle-Knobel (1985) Ff-35             June 25, 2007          
 ===============================================================================
      Constraints:  3      |        Phases:  3          |      Parameters
 --------------------------|----------------------------|-----------------------
 Carbon       Calcium      | CALCITE  CO2 GAS  H-Exch   |Mixing: No             
 Sodium                    |                            |Evaporation: No        
                           |                            |Rayleigh Calcs: No     
 ===============================================================================
 [H
 
 
 
 
 
 
 
 
 
[B[B[B[K[A[K[A[K[A[K[A
 Select: <A>dd, <D>elete, <E>dit, <R>un, <S>ave, <V>iew, or <Q>uit
 [H
 
 
 
 
 
 
 
 
 
[B[B[B[K[A[K[A[K[A[K[A
 [H
 
 
 
 
 
 
 
 
 
[B[B[B[K[A[K[A[K[A[K[A
 Do you want to save the model?
 (<Enter> for no)
 [H
 
 
 
 
 
 
 
 
 
[B[B[B[K[A[K[A[K[A[K[A
 Do you want to save the results?
 (<Enter> for no)
 [H
 
 
 
 
 
 
 
 
 
[B[B[B[K[A[K[A[K[A[K[A
 Enter file name. <Enter> to abort
 [2J[H
 [2J[H
 
 No more models, hit <Enter> to continue
 [2J[H
 Initial Well: Chapelle-Knobel (1985) Fd-12             NETPATH 2.15           
 Final Well  : Chapelle-Knobel (1985) Ff-35             June 25, 2007          
 ===============================================================================
      Constraints:  3      |        Phases:  3          |      Parameters
 --------------------------|----------------------------|-----------------------
 Carbon       Calcium      | CALCITE  CO2 GAS  H-Exch   |Mixing: No             
 Sodium                    |                            |Evaporation: No        
                           |                            |Rayleigh Calcs: No     
 ===============================================================================
 [H
 
 
 
 
 
 
 
 
 
[B[B[B[K[A[K[A[K[A[K[A
 Select: <A>dd, <D>elete, <E>dit, <R>un, <S>ave, <V>iew, or <Q>uit
 [H
 
 
 
 
 
 
 
 
 
[B[B[B[K[A[K[A[K[A[K[A
 [H
 
 
 
 
 
 
 
 
 
[B[B[B[K[A[K[A[K[A[K[A
 Do you really want to quit? <Enter> for yes.
 [2J[H
 NETPATH finished - Thank You

