 [2J[H
 ----------------
 CHOOSE WELL FILE
 ----------------

   1:  class                                   
 
 
 
 
 
 
 
 
 
 
 
 
 
 

 Enter number of file to use, or 'Q' to quit:
 [2J[H

 -----------------
 CHOOSE MODEL FILE
 -----------------

   1:  ../data/np-1a.dat                              
   2:  ../data/np-1b.dat                              
   3:  ../data/np-1c.dat                              
   4:  ../data/np-2.dat                               
   5:  ../data/np-3-1.dat                             
   6:  ../data/np-3-2.dat                             
   7:  ../data/np-3-3a.dat                            
   8:  ../data/np-3-3b.dat                            
   9:  ../data/np-3-4.dat                             
  10:  ../data/np-3-5.dat                             
  11:  ../data/np-3-6.dat                             
  12:  ../data/np-3-7.dat                             
  13:  ../data/np-4.dat                               
  14:  ../data/np-5-1.dat                             
  15:  ../data/np-5-2.dat                             

 Enter number of file, 0 for none, or <ENTER> to see more files:
 [2J[H
 ----------------------------------------
 ../data/np-1b.dat                                           
 ----------------------------------------
 Initial well: Sierra Nevada (Ephemeral Spr.)  
 Final well  : Sierra Nevada (Perennial Spr.)  

 CONSTRAINTS:
 Carbon         Sulfur         Calcium        Magnesium      Sodium      
 Chloride       Silica         Aluminum    

 PHASES:
 NaCl           GYPSUM         KAOLINIT       Ca-MONT        CO2 GAS 
 CALCITE        SiO2           BIOTITE        PLAGAN38

 Use this file?  (N)o, (D)elete, or <ENTER> to accept:  [2J[H
 Initial Well: Sierra Nevada (Ephemeral Spr.)           NETPATH 2.15           
 Final Well  : Sierra Nevada (Perennial Spr.)           June 25, 2007          
 ===============================================================================
      Constraints:  8      |        Phases:  9          |      Parameters
 --------------------------|----------------------------|-----------------------
 Carbon       Sulfur       |+NaCl    +GYPSUM   KAOLINIT |Mixing: No             
 Calcium      Magnesium    | Ca-MONT  CO2 GAS  CALCITE  |Evaporation: No        
 Sodium       Chloride     | SiO2     BIOTITE +PLAGAN38 |Rayleigh Calcs: No     
 Silica       Aluminum     |                            |                       
 ===============================================================================
 Warning: There is no data for Aluminum in 2 of the wells: zero will be used
 ===============================================================================
 [H
 
 
 
 
 
 
 
 
 
 
 
 
[B[B[B[K[A[K[A[K[A[K[A
 Select: <A>dd, <D>elete, <E>dit, <R>un, <S>ave, <V>iew, or <Q>uit
 [H
 
 
 
 
 
 
 
 
 
 
 
 
[B[B[B[K[A[K[A[K[A[K[A
 [2J[H
 Initial Well : Sierra Nevada (Ephemeral Spr.)  
 Final Well   : Sierra Nevada (Perennial Spr.)  

          Final     Initial
 C       1.1993      0.7825
 S       0.0250      0.0100
 CA      0.2600      0.0780
 MG      0.0710      0.0290
 NA      0.2590      0.1340
 CL      0.0300      0.0140
 SI      0.4100      0.2730
 AL      0.0000      0.0000

 Hit <Q> to quit, or <Enter> to continue
 
 NaCl     NA   1.0000 CL   1.0000
 GYPSUM   CA   1.0000 S    1.0000 RS   6.0000 I3  22.0000
 KAOLINIT AL   2.0000 SI   2.0000
 Ca-MONT  CA   0.1670 AL   2.3300 SI   3.6700
 CO2 GAS  C    1.0000 RS   4.0000 I1 -25.0000 I2 100.0000
 CALCITE  CA   1.0000 C    1.0000 RS   4.0000 I1   0.0000 I2   0.0000
 SiO2     SI   1.0000
 BIOTITE  AL   1.0000 MG   3.0000 K    1.0000 SI   3.0000
 PLAGAN38 CA   0.3800 NA   0.6200 AL   1.3800 SI   2.6200

 Hit <Q> to quit, or <Enter> to continue
 [2J[H

                      9 models checked
                      5 models found
 Display them <A>ll at once, <Return> for each, or <N>one.


            MODEL   1
  NaCl      +          0.01600
  GYPSUM    +          0.01500
  KAOLINIT            -0.03355
  Ca-MONT             -0.08136
  CO2 GAS              0.30296
  CALCITE              0.11380
  BIOTITE              0.01400
  PLAGAN38  +          0.17584
 


            MODEL   2
  NaCl      +          0.01600
  GYPSUM    +          0.01500
  KAOLINIT            -0.82741
  Ca-MONT              0.60007
  CO2 GAS              0.41676
  SiO2                -0.91311
  BIOTITE              0.01400
  PLAGAN38  +          0.17584
 


            MODEL   3
  NaCl      +          0.01600
  GYPSUM    +          0.01500
  KAOLINIT             2.07993
  Ca-MONT             -1.89550
  CALCITE              0.41676
  SiO2                 2.43096
  BIOTITE              0.01400
  PLAGAN38  +          0.17584
 


            MODEL   4
  NaCl      +          0.01600
  GYPSUM    +          0.01500
  KAOLINIT            -0.12833
  CO2 GAS              0.31655
  CALCITE              0.10021
  SiO2                -0.10902
  BIOTITE              0.01400
  PLAGAN38  +          0.17584
 


            MODEL   5
  NaCl      +          0.01600
  GYPSUM    +          0.01500
  Ca-MONT             -0.11015
  CO2 GAS              0.29815
  CALCITE              0.11861
  SiO2                 0.03859
  BIOTITE              0.01400
  PLAGAN38  +          0.17584
 
 No more models, hit <Enter> to continue
 [2J[H
 Initial Well: Sierra Nevada (Ephemeral Spr.)           NETPATH 2.15           
 Final Well  : Sierra Nevada (Perennial Spr.)           June 25, 2007          
 ===============================================================================
      Constraints:  8      |        Phases:  9          |      Parameters
 --------------------------|----------------------------|-----------------------
 Carbon       Sulfur       |+NaCl    +GYPSUM   KAOLINIT |Mixing: No             
 Calcium      Magnesium    | Ca-MONT  CO2 GAS  CALCITE  |Evaporation: No        
 Sodium       Chloride     | SiO2     BIOTITE +PLAGAN38 |Rayleigh Calcs: No     
 Silica       Aluminum     |                            |                       
 ===============================================================================
 Warning: There is no data for Aluminum in 2 of the wells: zero will be used
 ===============================================================================
 [H
 
 
 
 
 
 
 
 
 
 
 
 
[B[B[B[K[A[K[A[K[A[K[A
 Select: <A>dd, <D>elete, <E>dit, <R>un, <S>ave, <V>iew, or <Q>uit
 [H
 
 
 
 
 
 
 
 
 
 
 
 
[B[B[B[K[A[K[A[K[A[K[A
 [H
 
 
 
 
 
 
 
 
 
 
 
 
[B[B[B[K[A[K[A[K[A[K[A
 Do you want to save the model?
 (<Enter> for no)
 [H
 
 
 
 
 
 
 
 
 
 
 
 
[B[B[B[K[A[K[A[K[A[K[A
 Do you want to save the results?
 (<Enter> for no)
 [H
 
 
 
 
 
 
 
 
 
 
 
 
[B[B[B[K[A[K[A[K[A[K[A
 Enter file name. <Enter> to abort
 [2J[H
 
 
 
 
 
 No more models, hit <Enter> to continue
 [2J[H
 Initial Well: Sierra Nevada (Ephemeral Spr.)           NETPATH 2.15           
 Final Well  : Sierra Nevada (Perennial Spr.)           June 25, 2007          
 ===============================================================================
      Constraints:  8      |        Phases:  9          |      Parameters
 --------------------------|----------------------------|-----------------------
 Carbon       Sulfur       |+NaCl    +GYPSUM   KAOLINIT |Mixing: No             
 Calcium      Magnesium    | Ca-MONT  CO2 GAS  CALCITE  |Evaporation: No        
 Sodium       Chloride     | SiO2     BIOTITE +PLAGAN38 |Rayleigh Calcs: No     
 Silica       Aluminum     |                            |                       
 ===============================================================================
 Warning: There is no data for Aluminum in 2 of the wells: zero will be used
 ===============================================================================
 [H
 
 
 
 
 
 
 
 
 
 
 
 
[B[B[B[K[A[K[A[K[A[K[A
 Select: <A>dd, <D>elete, <E>dit, <R>un, <S>ave, <V>iew, or <Q>uit
 [H
 
 
 
 
 
 
 
 
 
 
 
 
[B[B[B[K[A[K[A[K[A[K[A
 [H
 
 
 
 
 
 
 
 
 
 
 
 
[B[B[B[K[A[K[A[K[A[K[A
 Do you really want to quit? <Enter> for yes.
 [2J[H
 NETPATH finished - Thank You

