 [2J[H
 ----------------
 CHOOSE WELL FILE
 ----------------

   1:  class                                   
 
 
 
 
 
 
 
 
 
 
 
 
 
 

 Enter number of file to use, or 'Q' to quit:
 [2J[H

 -----------------
 CHOOSE MODEL FILE
 -----------------

   1:  ../data/np-1a.dat                              
   2:  ../data/np-1b.dat                              
   3:  ../data/np-1c.dat                              
   4:  ../data/np-2.dat                               
   5:  ../data/np-3-1.dat                             
   6:  ../data/np-3-2.dat                             
   7:  ../data/np-3-3a.dat                            
   8:  ../data/np-3-3b.dat                            
   9:  ../data/np-3-4.dat                             
  10:  ../data/np-3-5.dat                             
  11:  ../data/np-3-6.dat                             
  12:  ../data/np-3-7.dat                             
  13:  ../data/np-4.dat                               
  14:  ../data/np-5-1.dat                             
  15:  ../data/np-5-2.dat                             

 Enter number of file, 0 for none, or <ENTER> to see more files:
 [2J[H

 -----------------
 CHOOSE MODEL FILE
 -----------------

  16:  ../data/np-5-3.dat                             
  17:  ../data/np-5-4.dat                             
  18:  ../data/np-5-5.dat                             
  19:  ../data/np-6.dat                               
  20:  ../data/np-7.dat                               
 
 
 
 
 
 
 
 
 
 

 Enter number of file, 0 for none, or <ENTER> to see more files:
 [2J[H
 ----------------------------------------
 ../data/np-6.dat                                            
 ----------------------------------------
 Initial well: Madison.Recharge #3             
 Final well  : Madison.Mysse                   

 CONSTRAINTS:
 Carbon         Sulfur         Calcium        Magnesium      Sodium      
 Potassium      Chloride       Iron           Redox          Sulfur-34   

 PHASES:
 DOLOMITE       CALCITE        ANHYDRIT       "CH2O"         GOETHITE
 PYRITE         EXCHANGE       NaCl           SYLVITE        CO2 GAS 

 Use this file?  (N)o, (D)elete, or <ENTER> to accept:  [2J[H
 Initial Well: Madison.Recharge #3                      NETPATH 2.15           
 Final Well  : Madison.Mysse                            June 25, 2007          
 ===============================================================================
      Constraints: 10      |        Phases: 10          |      Parameters
 --------------------------|----------------------------|-----------------------
 Carbon       Sulfur       |+DOLOMITE CALCITE +ANHYDRIT |Mixing: No             
 Calcium      Magnesium    |+"CH2O"   GOETHITE-PYRITE   |Evaporation: No        
 Sodium       Potassium    | EXCHANGE+NaCl     SYLVITE  |Rayleigh Calcs: Yes    
 Chloride     Iron         | CO2 GAS                    |Exchange: Ca/Na        
 Redox        Sulfur-34    |                            |Init C-14  52.33 (TDC) 
                           |                            |(Mass Balance)         
 ===============================================================================
 [H
 
 
 
 
 
 
 
 
 
 
 
 
[B[B[B[K[A[K[A[K[A[K[A
 Select: <A>dd, <D>elete, <E>dit, <R>un, <S>ave, <V>iew, or <Q>uit
 [H
 
 
 
 
 
 
 
 
 
 
 
 
[B[B[B[K[A[K[A[K[A[K[A
 [2J[H
 Initial Well : Madison.Recharge #3             
 Final Well   : Madison.Mysse                   

          Final     Initial
 C       6.8700      4.3000
 S      20.1190      0.1600
 CA     11.2800      1.2000
 MG      4.5400      1.0100
 NA     31.8900      0.0200
 K       2.5400      0.0200
 CL     17.8500      0.0200
 FE      0.0004      0.0010
 RS    146.1228     18.1620
 I3    317.9967      1.5568

 Hit <Q> to quit, or <Enter> to continue
 
 DOLOMITE CA   1.0000 MG   1.0000 C    2.0000 RS   8.0000 I1   8.0000
          I2   0.0000
 CALCITE  CA   1.0000 C    1.0000 RS   4.0000 I1   4.0000 I2   0.0000
 ANHYDRIT CA   1.0000 S    1.0000 RS   6.0000 I3  15.5000
 "CH2O"   C    1.0000 I1 -25.0000 I2   0.0000
 GOETHITE FE   1.0000 RS   3.0000
 PYRITE   FE   1.0000 S    2.0000 RS   0.0000 I3 -44.1800
 EXCHANGE CA  -1.0000 NA   2.0000 MG   0.0000
 NaCl     NA   1.0000 CL   1.0000
 SYLVITE  K    1.0000 CL   1.0000
 CO2 GAS  C    1.0000 RS   4.0000 I1 -16.2000 I2 100.0000

 Hit <Q> to quit, or <Enter> to continue
 [2J[H

                      1 model checked
                      1 model found


            MODEL   1
  DOLOMITE  +          3.53000
  CALCITE             -5.31723
  ANHYDRIT  +         20.14723
  "CH2O"    +          0.87077
  GOETHITE             0.09351
  PYRITE    -         -0.09411
  EXCHANGE             8.28000
  NaCl      +         15.31000
  SYLVITE              2.52000
  CO2 GAS             -0.04355
 
 Hit <Enter> to continue
                Computed    Observed
 Carbon-13       -2.2157     -2.3400
 C-14 (% mod)    12.2688*     0.8000
 Sulfur-34       15.8130     15.8058
 Strontium-87      Insufficient data
 Nitrogen-15       Insufficient data
 -------------------------------------------------------------------------
 Adjusted C-14 age in years:  22570.*     * = based on Mass Balance        
 
 No more models, hit <S> to show Rayleigh data,
 <C> to run all C-14 models, <E> to explain insufficient data.
     Model                 A0     Computed  Observed    age
 (for initial A0)      (initial) (no decay)           (final)
 ------------------------------------------------------------
 Original Data            33.05      7.75      0.80    18771.
 Mass Balance             52.33     12.27      0.80    22570.
 Vogel                    85.00     19.93      0.80    26580.
 Tamers                   53.46     12.54      0.80    22747.
 Ingerson and Pearson     52.33     12.27      0.80    22570.
 Mook                     65.91     15.45      0.80    24478.
 Fontes and Garnier       52.31     12.27      0.80    22568.
      F-G K     -1.15
 Eichinger                47.57     11.15      0.80    21783.
 User-defined            100.00     23.45      0.80    27924.
 
 No more models, hit <S> to show Rayleigh data,
 <C> to run all C-14 models, <E> to explain insufficient data.
 [2J[H

 Data used for Carbon-13   

 Initial Value:  -6.9900000        Modeled Final Value:  -2.2156711

  2 dissolving phases:
 Phase       Delta C     Isotopic composition (o/oo)
 DOLOMITE    7.0600000            4.0000000
 "CH2O"      0.8707725          -25.0000000

  2 precipitating phases:                             Average
 Phase       Delta C     Fractionation factor Isotopic composition (o/oo)
 CALCITE    -5.31723             2.3844              -1.4934738
 CO2 GAS    -0.04355            -5.9202              -9.7658777

 Hit <Enter> to continue, any other key to see graphs of
   the isotopic composition of precipitating phases.
 [2J[H

 Data used for C-14 (% mod)

 Initial Value:  52.3255814        Modeled Final Value:  12.2687968

  2 dissolving phases:
 Phase       Delta C     Isotopic composition (% modern)
 DOLOMITE    7.0600000            0.0000000
 "CH2O"      0.8707725            0.0000000

  2 precipitating phases:                             Average
 Phase       Delta C     Fractionation factor Isotopic composition (% modern)
 CALCITE    -5.31723             4.7687              26.2550023
 CO2 GAS    -0.04355           -11.8403              25.8210009

 Hit <Enter> to continue, any other key to see graphs of
   the isotopic composition of precipitating phases.
 [2J[H

 Data used for Sulfur-34   

 Initial Value:   9.7300000        Modeled Final Value:  15.8130009

  1 dissolving phases:
 Phase       Delta S     Isotopic composition (o/oo)
 ANHYDRIT   20.1472253           15.5000000

  1 precipitating phases:                             Average
 Phase       Delta S     Fractionation factor Isotopic composition (o/oo)
 PYRITE     -0.18823           -37.8958             -22.8795035

 Hit <Enter> to continue, any other key to see graphs of
   the isotopic composition of precipitating phases.
 [2J[H

          Isotopic composition of precipitating PYRITE  

             +--------------------------------------------------+
     -22.6825|     *********************************************|Avg = -22.8795
             |   **                                             |              
             |  *                                               |              
             | *                                                |              
 Sulfur-34   |                                                  |              
     o/oo    |                                                  |              
             |                                                  |              
             |                                                  |              
             |                                                  |              
     -26.4200|*                                                 |
             +--------------------------------------------------+
          Initial                                             Final

 Hit <Enter> to continue
 [2J[H

 Data used for Strontium-87
 [2J[H
 [2J[H

 Data used for Nitrogen-15 
 [2J[H
 
 No more models, hit <S> to show Rayleigh data,
 <C> to run all C-14 models, <E> to explain insufficient data.
 [2J[H
 Initial Well: Madison.Recharge #3                      NETPATH 2.15           
 Final Well  : Madison.Mysse                            June 25, 2007          
 ===============================================================================
      Constraints: 10      |        Phases: 10          |      Parameters
 --------------------------|----------------------------|-----------------------
 Carbon       Sulfur       |+DOLOMITE CALCITE +ANHYDRIT |Mixing: No             
 Calcium      Magnesium    |+"CH2O"   GOETHITE-PYRITE   |Evaporation: No        
 Sodium       Potassium    | EXCHANGE+NaCl     SYLVITE  |Rayleigh Calcs: Yes    
 Chloride     Iron         | CO2 GAS                    |Exchange: Ca/Na        
 Redox        Sulfur-34    |                            |Init C-14  52.33 (TDC) 
                           |                            |(Mass Balance)         
 ===============================================================================
 [H
 
 
 
 
 
 
 
 
 
 
 
 
[B[B[B[K[A[K[A[K[A[K[A
 Select: <A>dd, <D>elete, <E>dit, <R>un, <S>ave, <V>iew, or <Q>uit
 [H
 
 
 
 
 
 
 
 
 
 
 
 
[B[B[B[K[A[K[A[K[A[K[A
 [H
 
 
 
 
 
 
 
 
 
 
 
 
[B[B[B[K[A[K[A[K[A[K[A
 Do you want to save the model?
 (<Enter> for no)
 [H
 
 
 
 
 
 
 
 
 
 
 
 
[B[B[B[K[A[K[A[K[A[K[A
 Do you want to save the results?
 (<Enter> for no)
 [H
 
 
 
 
 
 
 
 
 
 
 
 
[B[B[B[K[A[K[A[K[A[K[A
 Enter file name. <Enter> to abort
 [2J[H
 [2J[H
 
 [2J[H
 Initial Well: Madison.Recharge #3                      NETPATH 2.15           
 Final Well  : Madison.Mysse                            June 25, 2007          
 ===============================================================================
      Constraints: 10      |        Phases: 10          |      Parameters
 --------------------------|----------------------------|-----------------------
 Carbon       Sulfur       |+DOLOMITE CALCITE +ANHYDRIT |Mixing: No             
 Calcium      Magnesium    |+"CH2O"   GOETHITE-PYRITE   |Evaporation: No        
 Sodium       Potassium    | EXCHANGE+NaCl     SYLVITE  |Rayleigh Calcs: Yes    
 Chloride     Iron         | CO2 GAS                    |Exchange: Ca/Na        
 Redox        Sulfur-34    |                            |Init C-14  52.33 (TDC) 
                           |                            |(Mass Balance)         
 ===============================================================================
 [H
 
 
 
 
 
 
 
 
 
 
 
 
[B[B[B[K[A[K[A[K[A[K[A
 Select: <A>dd, <D>elete, <E>dit, <R>un, <S>ave, <V>iew, or <Q>uit
 [H
 
 
 
 
 
 
 
 
 
 
 
 
[B[B[B[K[A[K[A[K[A[K[A
 [H
 
 
 
 
 
 
 
 
 
 
 
 
[B[B[B[K[A[K[A[K[A[K[A
 Select: <A>dd, <D>elete, <E>dit, <R>un, <S>ave, <V>iew, or <Q>uit
 [H
 
 
 
 
 
 
 
 
 
 
 
 
[B[B[B[K[A[K[A[K[A[K[A
 [H
 
 
 
 
 
 
 
 
 
 
 
 
[B[B[B[K[A[K[A[K[A[K[A
 Do you really want to quit? <Enter> for yes.
 [2J[H
 NETPATH finished - Thank You

