 [2J[H
 ----------------
 CHOOSE WELL FILE
 ----------------

   1:  class                                   
 
 
 
 
 
 
 
 
 
 
 
 
 
 

 Enter number of file to use, or 'Q' to quit:
 [2J[H

 -----------------
 CHOOSE MODEL FILE
 -----------------

   1:  ../data/np-1a.dat                              
   2:  ../data/np-1b.dat                              
   3:  ../data/np-1c.dat                              
   4:  ../data/np-2.dat                               
   5:  ../data/np-3-1.dat                             
   6:  ../data/np-3-2.dat                             
   7:  ../data/np-3-3a.dat                            
   8:  ../data/np-3-3b.dat                            
   9:  ../data/np-3-4.dat                             
  10:  ../data/np-3-5.dat                             
  11:  ../data/np-3-6.dat                             
  12:  ../data/np-3-7.dat                             
  13:  ../data/np-4.dat                               
  14:  ../data/np-5-1.dat                             
  15:  ../data/np-5-2.dat                             

 Enter number of file, 0 for none, or <ENTER> to see more files:
 [2J[H

 -----------------
 CHOOSE MODEL FILE
 -----------------

  16:  ../data/np-5-3.dat                             
  17:  ../data/np-5-4.dat                             
  18:  ../data/np-5-5.dat                             
  19:  ../data/np-6.dat                               
  20:  ../data/np-7.dat                               
 
 
 
 
 
 
 
 
 
 

 Enter number of file, 0 for none, or <ENTER> to see more files:
 [2J[H
 ----------------------------------------
 ../data/np-5-5.dat                                          
 ----------------------------------------
 Initial well: Chapelle-Knobel (1985) Fd-12    
 Final well  : Chapelle-Knobel (1985) Ff-35    

 CONSTRAINTS:
 Carbon         Calcium        Sodium      

 PHASES:
 CALCITE        H-Exch         CO2 GAS 

 Use this file?  (N)o, (D)elete, or <ENTER> to accept:  [2J[H
 Initial Well: Chapelle-Knobel (1985) Fd-12             NETPATH 2.15           
 Final Well  : Chapelle-Knobel (1985) Ff-35             June 25, 2007          
 ===============================================================================
      Constraints:  3      |        Phases:  3          |      Parameters
 --------------------------|----------------------------|-----------------------
 Carbon       Calcium      | CALCITE  H-Exch   CO2 GAS  |Mixing: No             
 Sodium                    |                            |Evaporation: No        
                           |                            |Rayleigh Calcs: Yes    
                           |                            |Init C-14  50.00 (TDC) 
                           |                            |(User-defined)         
 ===============================================================================
 [H
 
 
 
 
 
 
 
 
 
 
 
[B[B[B[K[A[K[A[K[A[K[A
 Select: <A>dd, <D>elete, <E>dit, <R>un, <S>ave, <V>iew, or <Q>uit
 [H
 
 
 
 
 
 
 
 
 
 
 
[B[B[B[K[A[K[A[K[A[K[A
 [2J[H
 Initial Well : Chapelle-Knobel (1985) Fd-12    
 Final Well   : Chapelle-Knobel (1985) Ff-35    

          Final     Initial
 C       5.9742      3.0741
 CA      0.0749      1.0232
 NA      6.0930      0.1653

 Hit <Q> to quit, or <Enter> to continue
 
 CALCITE  CA   1.0000 C    1.0000 RS   4.0000 I1   1.1000 I2   0.0000
 H-Exch   NA   1.6000 CA  -1.0000
 CO2 GAS  C    1.0000 RS   4.0000 I1 -22.0000 I2   0.0000

 Hit <Q> to quit, or <Enter> to continue
 [2J[H

                      1 model checked
                      1 model found


            MODEL   1
  CALCITE              2.75643
  H-Exch               3.70478
  CO2 GAS              0.14373
 
                Computed    Observed
 Carbon-13       -6.5051     -6.2000
 C-14 (% mod)    25.7278*     3.1000
 Sulfur-34        0.0000   Undefined
 Strontium-87      Insufficient data
 Nitrogen-15       Insufficient data
 -------------------------------------------------------------------------
 Adjusted C-14 age in years:  17494.*     * = based on User-defined        
 
 No more models, hit <S> to show Rayleigh data,
 <C> to run all C-14 models, <E> to explain insufficient data.
     Model                 A0     Computed  Observed    age
 (for initial A0)      (initial) (no decay)           (final)
 ------------------------------------------------------------
 Original Data            33.90     17.44      3.10    14281.
 Mass Balance             55.75     28.69      3.10    18394.
 Vogel                    85.00     43.74      3.10    21880.
 Tamers                   52.75     27.15      3.10    17937.
 Ingerson and Pearson     50.40     25.93      3.10    17559.
 Mook                     34.25     17.62      3.10    14366.
 Fontes and Garnier       50.35     25.91      3.10    17551.
      F-G K     -2.41
 Eichinger                47.91     24.65      3.10    17141.
 User-defined             50.00     25.73      3.10    17494.
 
 No more models, hit <S> to show Rayleigh data,
 <C> to run all C-14 models, <E> to explain insufficient data.
 [2J[H

 Data used for Carbon-13   

 Initial Value: -12.6000000        Modeled Final Value:  -6.5051343

  2 dissolving phases:
 Phase       Delta C     Isotopic composition (o/oo)
 CALCITE     2.7564250            1.1000000
 CO2 GAS     0.1437250          -22.0000000

 Hit <Enter> to continue
 [2J[H

 Data used for C-14 (% mod)

 Initial Value:  50.0000000        Modeled Final Value:  25.7277531

  2 dissolving phases:
 Phase       Delta C     Isotopic composition (% modern)
 CALCITE     2.7564250            0.0000000
 CO2 GAS     0.1437250            0.0000000

 Hit <Enter> to continue
 [2J[H

 Data used for Sulfur-34   

 Initial Value:   0.0000000        Modeled Final Value:   0.0000000

 No incoming or outgoing phases


 Hit <Enter> to continue
 [2J[H

 Data used for Strontium-87
 [2J[H
 [2J[H

 Data used for Nitrogen-15 
 [2J[H
 
 No more models, hit <S> to show Rayleigh data,
 <C> to run all C-14 models, <E> to explain insufficient data.
 [2J[H
 Initial Well: Chapelle-Knobel (1985) Fd-12             NETPATH 2.15           
 Final Well  : Chapelle-Knobel (1985) Ff-35             June 25, 2007          
 ===============================================================================
      Constraints:  3      |        Phases:  3          |      Parameters
 --------------------------|----------------------------|-----------------------
 Carbon       Calcium      | CALCITE  H-Exch   CO2 GAS  |Mixing: No             
 Sodium                    |                            |Evaporation: No        
                           |                            |Rayleigh Calcs: Yes    
                           |                            |Init C-14  50.00 (TDC) 
                           |                            |(User-defined)         
 ===============================================================================
 [H
 
 
 
 
 
 
 
 
 
 
 
[B[B[B[K[A[K[A[K[A[K[A
 Select: <A>dd, <D>elete, <E>dit, <R>un, <S>ave, <V>iew, or <Q>uit
 [H
 
 
 
 
 
 
 
 
 
 
 
[B[B[B[K[A[K[A[K[A[K[A
 [H
 
 
 
 
 
 
 
 
 
 
 
[B[B[B[K[A[K[A[K[A[K[A
 Select: <A>dd, <D>elete, <E>dit, <R>un, <S>ave, <V>iew, or <Q>uit
 [H
 
 
 
 
 
 
 
 
 
 
 
[B[B[B[K[A[K[A[K[A[K[A
 [H
 
 
 
 
 
 
 
 
 
 
 
[B[B[B[K[A[K[A[K[A[K[A
 Do you want to save the model?
 (<Enter> for no)
 [H
 
 
 
 
 
 
 
 
 
 
 
[B[B[B[K[A[K[A[K[A[K[A
 Do you want to save the results?
 (<Enter> for no)
 [H
 
 
 
 
 
 
 
 
 
 
 
[B[B[B[K[A[K[A[K[A[K[A
 Enter file name. <Enter> to abort
 [2J[H
 [2J[H
 
 [2J[H
 Initial Well: Chapelle-Knobel (1985) Fd-12             NETPATH 2.15           
 Final Well  : Chapelle-Knobel (1985) Ff-35             June 25, 2007          
 ===============================================================================
      Constraints:  3      |        Phases:  3          |      Parameters
 --------------------------|----------------------------|-----------------------
 Carbon       Calcium      | CALCITE  H-Exch   CO2 GAS  |Mixing: No             
 Sodium                    |                            |Evaporation: No        
                           |                            |Rayleigh Calcs: Yes    
                           |                            |Init C-14  50.00 (TDC) 
                           |                            |(User-defined)         
 ===============================================================================
 [H
 
 
 
 
 
 
 
 
 
 
 
[B[B[B[K[A[K[A[K[A[K[A
 Select: <A>dd, <D>elete, <E>dit, <R>un, <S>ave, <V>iew, or <Q>uit
 [H
 
 
 
 
 
 
 
 
 
 
 
[B[B[B[K[A[K[A[K[A[K[A
 [H
 
 
 
 
 
 
 
 
 
 
 
[B[B[B[K[A[K[A[K[A[K[A
 Select: <A>dd, <D>elete, <E>dit, <R>un, <S>ave, <V>iew, or <Q>uit
 [H
 
 
 
 
 
 
 
 
 
 
 
[B[B[B[K[A[K[A[K[A[K[A
 [H
 
 
 
 
 
 
 
 
 
 
 
[B[B[B[K[A[K[A[K[A[K[A
 Do you really want to quit? <Enter> for yes.
 [2J[H
 NETPATH finished - Thank You

