 Initial Well : Chapelle-Knobel (1985) Fd-12    
 Final Well   : Chapelle-Knobel (1985) Ff-35    

          Final     Initial
 C       5.9742      3.0741
 CA      0.0749      1.0232
 NA      6.0930      0.1653
 RS     23.8968     12.2962
 FE      0.0000      0.0000
 
 CALCITE  CA   1.0000 C    1.0000 RS   4.0000 I1   0.0000 I2   0.0000
 "CH2O"   C    1.0000 I1 -25.0000 I2   0.0000
 GOETHITE FE   1.0000 RS   3.0000
 FeII-Na  FE  -1.0000 NA   2.0000 RS  -2.0000
 CO2 GAS  C    1.0000 RS   4.0000 I1 -25.0000 I2 100.0000

                      1 model checked
                      1 model found


            MODEL   1
  CALCITE             -0.94835
  "CH2O"    +          0.74096
  GOETHITE             2.96382
  FeII-Na              2.96382
  CO2 GAS              3.10755
