 Initial Well : Chapelle-Knobel (1985) Fd-12    
 Final Well   : Chapelle-Knobel (1985) Ff-35    

          Final     Initial
 C       5.9742      3.0741
 CA      0.0749      1.0232
 NA      6.0930      0.1653
 RS     24.7092     13.4833
 FE      0.0000      0.0000
 S       0.1354      0.1978
 
 CALCITE  CA   1.0000 C    1.0000 RS   4.0000 I1   0.0000 I2   0.0000
 EXCHANGE CA  -1.0000 NA   2.0000 MG   0.0000
 GOETHITE FE   1.0000 RS   3.0000
 GYPSUM   CA   1.0000 S    1.0000 RS   6.0000 I3  22.0000
 PYRITE   FE   1.0000 S    2.0000 RS   0.0000 I3 -60.0000
 LIGNITE  C    1.0000 RS  -0.4000 I1 -25.0000 I2   0.0000

                      1 model checked
                      1 model found


            MODEL   1
  CALCITE              0.91086
  EXCHANGE             2.96382
  GOETHITE             0.58353
  GYPSUM    +          1.10461
  PYRITE    -         -0.58353
  LIGNITE   +          1.98929
